<?xml version="1.0" encoding="UTF-8"?>
<robot generator="Robot 3.2.1 (Python 3.8.3 on win32)" generated="20200723 10:37:15.885" rpa="false">
<suite id="s1" name="Receber-Pedidos" source="c:\RobotWeek\ninjachef\Web\Tests\receber-pedidos.robot">
<test id="s1-t1" name="Receber novos Pedidos">
<kw name="Open Session" library="base" type="setup">
<kw name="Open Browser" library="SeleniumLibrary">
<doc>Opens a new browser instance to the optional ``url``.</doc>
<arguments>
<arg>about:blank</arg>
<arg>firefox</arg>
</arguments>
<msg timestamp="20200723 10:37:16.201" level="INFO">Opening browser 'firefox' to base url 'about:blank'.</msg>
<msg timestamp="20200723 10:37:16.201" level="INFO">Firefox driver log is always forced to to: c:\RobotWeek\ninjachef\Web\logs\geckodriver-3.log</msg>
<status status="PASS" starttime="20200723 10:37:16.201" endtime="20200723 10:37:23.518"></status>
</kw>
<status status="PASS" starttime="20200723 10:37:16.201" endtime="20200723 10:37:23.518"></status>
</kw>
<kw name="Dado que &quot;tomper@eu.com&quot; é minha conta de cozinheiro">
<kw name="Set Test Variable" library="BuiltIn">
<doc>Makes a variable available everywhere within the scope of the current test.</doc>
<arguments>
<arg>${email_cozinheiro}</arg>
</arguments>
<msg timestamp="20200723 10:37:23.518" level="INFO">${email_cozinheiro} = tomper@eu.com</msg>
<status status="PASS" starttime="20200723 10:37:23.518" endtime="20200723 10:37:23.518"></status>
</kw>
<kw name="Create Dictionary" library="BuiltIn">
<doc>Creates and returns a dictionary based on the given ``items``.</doc>
<arguments>
<arg>email=${email_cozinheiro}</arg>
</arguments>
<assign>
<var>&amp;{payload}</var>
</assign>
<msg timestamp="20200723 10:37:23.518" level="INFO">&amp;{payload} = { email=tomper@eu.com }</msg>
<status status="PASS" starttime="20200723 10:37:23.518" endtime="20200723 10:37:23.518"></status>
</kw>
<kw name="Create Dictionary" library="BuiltIn">
<doc>Creates and returns a dictionary based on the given ``items``.</doc>
<arguments>
<arg>Content-Type=application/json</arg>
</arguments>
<assign>
<var>&amp;{headers}</var>
</assign>
<msg timestamp="20200723 10:37:23.518" level="INFO">&amp;{headers} = { Content-Type=application/json }</msg>
<status status="PASS" starttime="20200723 10:37:23.518" endtime="20200723 10:37:23.518"></status>
</kw>
<kw name="Create Session" library="RequestsLibrary">
<doc>Create Session: create a HTTP session to a server</doc>
<arguments>
<arg>ninja</arg>
<arg>http://ninjachef-api-qaninja-io.umbler.net</arg>
</arguments>
<msg timestamp="20200723 10:37:23.518" level="INFO">Creating Session using : alias=ninja, url=http://ninjachef-api-qaninja-io.umbler.net, headers={},                     cookies={}, auth=None, timeout=None, proxies=None, verify=False,                     debug=0 </msg>
<status status="PASS" starttime="20200723 10:37:23.518" endtime="20200723 10:37:23.518"></status>
</kw>
<kw name="Post Request" library="RequestsLibrary">
<doc>Send a POST request on the session object found using the
given `alias`</doc>
<arguments>
<arg>ninja</arg>
<arg>/sessions</arg>
<arg>data=${payload}</arg>
<arg>headers=${headers}</arg>
</arguments>
<assign>
<var>${resp}</var>
</assign>
<msg timestamp="20200723 10:37:23.719" level="INFO">POST Request : url=http://ninjachef-api-qaninja-io.umbler.net/sessions 
 path_url=/sessions 
 headers={'User-Agent': 'python-requests/2.24.0', 'Accept-Encoding': 'gzip, deflate', 'Accept': '*/*', 'Connection': 'keep-alive', 'Content-Type': 'application/json', 'Content-Length': '26'} 
 body={"email": "tomper@eu.com"} 
 </msg>
<msg timestamp="20200723 10:37:23.719" level="INFO">POST Response : url=http://ninjachef-api-qaninja-io.umbler.net/sessions 
 status=200, reason=OK 
 body={"_id":"5f1859a442f1f60016038934","email":"tomper@eu.com","__v":0} 
 </msg>
<msg timestamp="20200723 10:37:23.719" level="INFO">${resp} = &lt;Response [200]&gt;</msg>
<status status="PASS" starttime="20200723 10:37:23.518" endtime="20200723 10:37:23.719"></status>
</kw>
<kw name="Status Should Be" library="RequestsLibrary">
<doc>Fails if response status code is different than the expected.</doc>
<arguments>
<arg>200</arg>
<arg>${resp}</arg>
</arguments>
<status status="PASS" starttime="20200723 10:37:23.719" endtime="20200723 10:37:23.719"></status>
</kw>
<kw name="Convert To String" library="BuiltIn">
<doc>Converts the given item to a Unicode string.</doc>
<arguments>
<arg>${resp.json()['_id']}</arg>
</arguments>
<assign>
<var>${token_cozinhero}</var>
</assign>
<msg timestamp="20200723 10:37:23.719" level="INFO">${token_cozinhero} = 5f1859a442f1f60016038934</msg>
<status status="PASS" starttime="20200723 10:37:23.719" endtime="20200723 10:37:23.719"></status>
</kw>
<kw name="Set Test Variable" library="BuiltIn">
<doc>Makes a variable available everywhere within the scope of the current test.</doc>
<arguments>
<arg>${token_cozinhero}</arg>
</arguments>
<msg timestamp="20200723 10:37:23.719" level="INFO">${token_cozinhero} = 5f1859a442f1f60016038934</msg>
<status status="PASS" starttime="20200723 10:37:23.719" endtime="20200723 10:37:23.719"></status>
</kw>
<status status="PASS" starttime="20200723 10:37:23.518" endtime="20200723 10:37:23.719"></status>
</kw>
<kw name="E &quot;qagabiru@rio.com&quot; é meu email do meu cliente">
<kw name="Set Test Variable" library="BuiltIn">
<doc>Makes a variable available everywhere within the scope of the current test.</doc>
<arguments>
<arg>${email_cliente}</arg>
</arguments>
<msg timestamp="20200723 10:37:23.719" level="INFO">${email_cliente} = qagabiru@rio.com</msg>
<status status="PASS" starttime="20200723 10:37:23.719" endtime="20200723 10:37:23.719"></status>
</kw>
<kw name="Create Dictionary" library="BuiltIn">
<doc>Creates and returns a dictionary based on the given ``items``.</doc>
<arguments>
<arg>email=${email_cliente}</arg>
</arguments>
<assign>
<var>&amp;{payload}</var>
</assign>
<msg timestamp="20200723 10:37:23.719" level="INFO">&amp;{payload} = { email=qagabiru@rio.com }</msg>
<status status="PASS" starttime="20200723 10:37:23.719" endtime="20200723 10:37:23.719"></status>
</kw>
<kw name="Create Dictionary" library="BuiltIn">
<doc>Creates and returns a dictionary based on the given ``items``.</doc>
<arguments>
<arg>Content-Type=application/json</arg>
</arguments>
<assign>
<var>&amp;{headers}</var>
</assign>
<msg timestamp="20200723 10:37:23.719" level="INFO">&amp;{headers} = { Content-Type=application/json }</msg>
<status status="PASS" starttime="20200723 10:37:23.719" endtime="20200723 10:37:23.719"></status>
</kw>
<kw name="Create Session" library="RequestsLibrary">
<doc>Create Session: create a HTTP session to a server</doc>
<arguments>
<arg>ninja</arg>
<arg>http://ninjachef-api-qaninja-io.umbler.net</arg>
</arguments>
<msg timestamp="20200723 10:37:23.719" level="INFO">Creating Session using : alias=ninja, url=http://ninjachef-api-qaninja-io.umbler.net, headers={},                     cookies={}, auth=None, timeout=None, proxies=None, verify=False,                     debug=0 </msg>
<status status="PASS" starttime="20200723 10:37:23.719" endtime="20200723 10:37:23.719"></status>
</kw>
<kw name="Post Request" library="RequestsLibrary">
<doc>Send a POST request on the session object found using the
given `alias`</doc>
<arguments>
<arg>ninja</arg>
<arg>/sessions</arg>
<arg>data=${payload}</arg>
<arg>headers=${headers}</arg>
</arguments>
<assign>
<var>${resp}</var>
</assign>
<msg timestamp="20200723 10:37:24.020" level="INFO">POST Request : url=http://ninjachef-api-qaninja-io.umbler.net/sessions 
 path_url=/sessions 
 headers={'User-Agent': 'python-requests/2.24.0', 'Accept-Encoding': 'gzip, deflate', 'Accept': '*/*', 'Connection': 'keep-alive', 'Content-Type': 'application/json', 'Content-Length': '29'} 
 body={"email": "qagabiru@rio.com"} 
 </msg>
<msg timestamp="20200723 10:37:24.020" level="INFO">POST Response : url=http://ninjachef-api-qaninja-io.umbler.net/sessions 
 status=200, reason=OK 
 body={"_id":"5f198fbc42f1f60016038a67","email":"qagabiru@rio.com","__v":0} 
 </msg>
<msg timestamp="20200723 10:37:24.020" level="INFO">${resp} = &lt;Response [200]&gt;</msg>
<status status="PASS" starttime="20200723 10:37:23.719" endtime="20200723 10:37:24.020"></status>
</kw>
<kw name="Status Should Be" library="RequestsLibrary">
<doc>Fails if response status code is different than the expected.</doc>
<arguments>
<arg>200</arg>
<arg>${resp}</arg>
</arguments>
<status status="PASS" starttime="20200723 10:37:24.020" endtime="20200723 10:37:24.020"></status>
</kw>
<kw name="Convert To String" library="BuiltIn">
<doc>Converts the given item to a Unicode string.</doc>
<arguments>
<arg>${resp.json()['_id']}</arg>
</arguments>
<assign>
<var>${token_cliente}</var>
</assign>
<msg timestamp="20200723 10:37:24.020" level="INFO">${token_cliente} = 5f198fbc42f1f60016038a67</msg>
<status status="PASS" starttime="20200723 10:37:24.020" endtime="20200723 10:37:24.020"></status>
</kw>
<kw name="Set Test Variable" library="BuiltIn">
<doc>Makes a variable available everywhere within the scope of the current test.</doc>
<arguments>
<arg>${token_cliente}</arg>
</arguments>
<msg timestamp="20200723 10:37:24.020" level="INFO">${token_cliente} = 5f198fbc42f1f60016038a67</msg>
<status status="PASS" starttime="20200723 10:37:24.020" endtime="20200723 10:37:24.020"></status>
</kw>
<status status="PASS" starttime="20200723 10:37:23.719" endtime="20200723 10:37:24.020"></status>
</kw>
<kw name="E que &quot;Sanduiche de pernil com pimentões e especiarias&quot; está cadastrado no meu dashboard">
<kw name="Set Test Variable" library="BuiltIn">
<doc>Makes a variable available everywhere within the scope of the current test.</doc>
<arguments>
<arg>${produto}</arg>
</arguments>
<msg timestamp="20200723 10:37:24.020" level="INFO">${produto} = Sanduiche de pernil com pimentões e especiarias</msg>
<status status="PASS" starttime="20200723 10:37:24.020" endtime="20200723 10:37:24.020"></status>
</kw>
<kw name="Create Dictionary" library="BuiltIn">
<doc>Creates and returns a dictionary based on the given ``items``.</doc>
<arguments>
<arg>name=${produto}</arg>
<arg>plate=Tipo</arg>
<arg>price=21.00</arg>
</arguments>
<assign>
<var>&amp;{payload}</var>
</assign>
<msg timestamp="20200723 10:37:24.020" level="INFO">&amp;{payload} = { name=Sanduiche de pernil com pimentões e especiarias | plate=Tipo | price=21.00 }</msg>
<status status="PASS" starttime="20200723 10:37:24.020" endtime="20200723 10:37:24.020"></status>
</kw>
<kw name="Get Binary File" library="OperatingSystem">
<doc>Returns the contents of a specified file.</doc>
<arguments>
<arg>${EXECDIR}\\resources\\images\\hamburge.jpg</arg>
</arguments>
<assign>
<var>${files_image}</var>
</assign>
<msg timestamp="20200723 10:37:24.020" level="INFO" html="yes">Getting file '&lt;a href="file://c:\RobotWeek\ninjachef\Web\resources\images\hamburge.jpg"&gt;c:\RobotWeek\ninjachef\Web\resources\images\hamburge.jpg&lt;/a&gt;'.</msg>
<msg timestamp="20200723 10:37:24.035" level="INFO">${files_image} = \xff\xd8\xff\xe0JFIF\xff\xdb\x84	( %!1!%)+...383,7(-.+


-&amp;&amp;---//----------+----/-+-/-------------------------\xff\xc0\x93X"...</msg>
<status status="PASS" starttime="20200723 10:37:24.020" endtime="20200723 10:37:24.035"></status>
</kw>
<kw name="Create Dictionary" library="BuiltIn">
<doc>Creates and returns a dictionary based on the given ``items``.</doc>
<arguments>
<arg>thumbnail=${files_image}</arg>
</arguments>
<assign>
<var>&amp;{file}</var>
</assign>
<msg timestamp="20200723 10:37:24.035" level="INFO">&amp;{file} = { thumbnail=\xff\xd8\xff\xe0JFIF\xff\xdb\x84	( %!1!%)+...383,7(-.+


-&amp;&amp;---//----------+----/-+-/-------------------------\xff\xc0\...</msg>
<status status="PASS" starttime="20200723 10:37:24.035" endtime="20200723 10:37:24.035"></status>
</kw>
<kw name="Create Dictionary" library="BuiltIn">
<doc>Creates and returns a dictionary based on the given ``items``.</doc>
<arguments>
<arg>user_id=${token_cozinhero}</arg>
</arguments>
<assign>
<var>&amp;{headers}</var>
</assign>
<msg timestamp="20200723 10:37:24.035" level="INFO">&amp;{headers} = { user_id=5f1859a442f1f60016038934 }</msg>
<status status="PASS" starttime="20200723 10:37:24.035" endtime="20200723 10:37:24.035"></status>
</kw>
<kw name="Create Session" library="RequestsLibrary">
<doc>Create Session: create a HTTP session to a server</doc>
<arguments>
<arg>ninja</arg>
<arg>http://ninjachef-api-qaninja-io.umbler.net</arg>
</arguments>
<msg timestamp="20200723 10:37:24.035" level="INFO">Creating Session using : alias=ninja, url=http://ninjachef-api-qaninja-io.umbler.net, headers={},                     cookies={}, auth=None, timeout=None, proxies=None, verify=False,                     debug=0 </msg>
<status status="PASS" starttime="20200723 10:37:24.035" endtime="20200723 10:37:24.035"></status>
</kw>
<kw name="Post Request" library="RequestsLibrary">
<doc>Send a POST request on the session object found using the
given `alias`</doc>
<arguments>
<arg>ninja</arg>
<arg>/products</arg>
<arg>data=${payload}</arg>
<arg>headers=${headers}</arg>
<arg>files=${file}</arg>
</arguments>
<assign>
<var>${resp}</var>
</assign>
<msg timestamp="20200723 10:37:24.584" level="INFO">POST Request : url=http://ninjachef-api-qaninja-io.umbler.net/products 
 path_url=/products 
 headers={'User-Agent': 'python-requests/2.24.0', 'Accept-Encoding': 'gzip, deflate', 'Accept': '*/*', 'Connection': 'keep-alive', 'user_id': '5f1859a442f1f60016038934', 'Content-Length': '9534', 'Content-Type': 'multipart/form-data; boundary=0f0cb18e2599197aa96c5200ae553d25'} 
 body=b'--0f0cb18e2599197aa96c5200ae553d25\r\nContent-Disposition: form-data; name="name"\r\n\r\nSanduiche de pernil com piment\xc3\xb5es e especiarias\r\n--0f0cb18e2599197aa96c5200ae553d25\r\nContent-Disposition: form-data; name="plate"\r\n\r\nTipo\r\n--0f0cb18e2599197aa96c5200ae553d25\r\nContent-Disposition: form-data; name="price"\r\n\r\n21.00\r\n--0f0cb18e2599197aa96c5200ae553d25\r\nContent-Disposition: form-data; name="thumbnail"; filename="thumbnail"\r\n\r\n\xff\xd8\xff\xe0\x00\x10JFIF\x00\x01\x01\x00\x00\x01\x00\x01\x00\x00\xff\xdb\x00\x84\x00\t\x06\x07\x13\x13\x12\x15\x12\x12\x12\x15\x15\x15\x15\x15\x15\x16\x15\x15\x15\x17\x16\x16\x15\x15\x15\x16\x16\x16\x16\x15\x16\x15\x16\x18\x1d( \x18\x1a%\x1e\x15\x15!1!%)+...\x17\x1f383,7(-.+\x01\n\n\n\x0e\r\x0e\x1b\x10\x10\x1b-&amp;\x1d&amp;---//----------+----/-+-/-------------------------\xff\xc0\x00\x11\x08\x00\x93\x01X\x03\x01"\x00\x02\x11\x01\x03\x11\x01\xff\xc4\x00\x1b\x00\x00\x01\x05\x01\x01\x00\x00\x00\x00\x00\x00\x00\x00\x00\x00\x00\x04\x00\x02\x03\x05\x06\x01\x07\xff\xc4\x00=\x10\x00\x02\x01\x02\x04\x04\x04\x04\x03\x06\x05\x04\x03\x00\x00\x00\x01\x02\x11\x00\x03\x04\x12!1\x05"AQ\x06\x13aq2\x81\x91\xa1\x14B\xd1#R\x92\xb1\xc1\xf0\x153r\xe1\xf1CDb\x82\x07\x16S\xff\xc4\x00\x19\x01\x00\x03\x01\x01\x01\x00\x00\x00\x00\x00\x00\x00\x00\x00\x00\x00\x01\x02\x03\x00\x04\x05\xff\xc4\x00.\x11\x00\x02\x02\x02\x01\x02\x05\x03\x04\x02\x03\x01\x00\x00\x00\x00\x00\x01\x02\x11\x03!\x12\x041\x13"AQa\x05q\xf0\x81\x91\xa1\xf12\xb1B\xd1\xe1\x14\xff\xda\x00\x0c\x03\x01\x00\x02\x11\x03\x11\x00?\x00\xf1\xc5ZxZz\x1a\x90EA\xb3\xad")\xa7\x07\xa4\xe9P\x95\xac\x06\xe8-\t50CPaM\x1a[JI\x0f\x1d\x91\xcd,\xf4\xd4\x82h\xc4\xb3J\xe9\x0e\x95\x90,\xd4\x81\xab\xafl\x8ae\xba\xc6\xecN\x94BZ5.\x15\x07j"\xe0\x157"\xa9h\x1cX\xa7\xae\x1b\xd2\xa6\xb4\xc2\xa6/Klj@\xc3\x0fS&amp;\x1e\xba\xb7jo3J\xdb\n\xa2?&amp;)\x8dn\x9d\xe6\xd1H\xb2+v6\x99Ww\rA\xbe\x1a\xae\xaf\x007\xa0\x8b\t\xa7\x8b\'(\xa2\xb5\xb0\xb5\x13X\xf4\xab\xcf\xc3\xc8\xa6\x0c=?1\x1c\n\x16\xb0{S\x96\xdf\xa5_\xb6\x14T\x170\xc3\xb5\x1f\x10\x1e\x1d\x15kn\x9d\xe5\xd1\xfeW\xa55\xa2\x87 \xf1\x04\xcbN\x0fR\\F\xe8\x8d\xfc&amp;\xa3\x18[\x87_-\xe3\xfd&amp;\x85\xafsS\x1d\x9e\x951\x91\x97u#\xdc\x11H\\\xack\x1c\x12\xb8\xf6\xeb\xa1\xab\xa5\xab\x1a\xc1\x99+\x99jx\x14\x8d\xbak\x16\x88@\xae\x11R\x9d+\xa2(\x80\x87-/.\x88\t\\u\x8a\x16j \xf2\xeb\x85)\xdeew8\xa3\xb3\x10\x15\xa8\x98Qq4\xd7\xb7Z\xc0\xd0\x11ZU%\xc1J\x9a\xc4h\x05\x05L\xa6\xa3SR+\xd1aC\xd4\xd3\xb2\x03M\rN\r@a-\xba\x94\nj\xb5J\x1e\x95\xd8U\x1c\xb6\xb0h\xdbmA\x87\xa2m\xdc\xa5\x90\xf1&amp;\xf2g\xad90\xf4\xfbl*P\xd4\x96\xcaR8\xb2*H\x9a\xe4\xfa\xd4\xa8(\x04b,T\xb9f\x9c\x05J\x89B\xc2\x90\xdb6(\x9f"\x9di(\x90)m\x8c\x90\x0f\xe1(\x80 Q+\x15\x1d\xc3B\xdb\r$\x03\x88I\xa8-aL\xedVj\xb5 \x02\x8am\n\xd2dv\xeciQ\xdd\xb3D\x9b\xb1V|3\x835\xd0\x1d\xf9m\x93\xe8\t\x13\x13\'a4\xad\xd6\xd8\xfd\xcc\xe5\xac+\xdcl\xa8$\xff\x00/sFa\xf8\x13\xefp\x85\x13\xf3&gt;\xbe\xd5\xaf^\x1c\xb6ezi\x9a6\x82v$o\xbe\xff\x00J\xad\xf1\x0b\x9f9\x15\xd0\\\xcbl\x04\nJ\xdbXc\xa3\xb1\xfc\xc4\xeaA\xd0MC&amp;Y=-\x0f\x0cj\xf6\x0f\x85\xc2aS\xe2Uv\x8d\xd8\xca\x83\xeb\xb6\xfaTO\x8cP\xcd\xa6\xba\x04(\xab\x00\xf5\x80F\xbd\x05Y\xd8\xe1!\x95\xdd\xcc\xc2\x82_e,\xea\x8c\x88\x04\xc8\x85n\xbf\xbbY\xebxfg\xc8\x0c\x99\xe8gmLW\x1c\xe3$\xbc\xce\xce\xacj\x0f\xfcC0\x96\xf3\x90\tc\xdf6\xa6z\xf4\x14^;\x81\xc0\xcc\x8e\x19Gx\x1d?\xe2\x99\x87\xbbn\xdb\x10\xc4\xe8\x7f,hgj\x93\x8b\xdfo1\xc8`\xb6\xf9s\xc9\x07V\x89\x81\xb4\xca\xc1\xdbz\x9e\x18\xf3\xbf\xe0\xd9$\xe2\xd5\x02`0E\x84\\\x8dv\x8e\x83\xb4N\xf5\xcb\xbe\x1c\x06C(1\xb6\xa0\x1a\xee$\xb6eu\x1c\x8c\x06W\x07\xf3I\x9e^\xa3CFaq\x03Y\x04\x9f\xde\x02H\x9d\xf4\xeb\xf6\xa1\x16\xe0\xfc\xda\xfb\x06QrV\x8c\x967\x80\x05}3(\xecD\xc5W\xe3\xb8k[\x9dC(\xea\'Opv\xafG\xc6cl\xdd0\x14\x83\xa0\xecI\x1d\xe6\xab1X+l\nk\'\xf2\xb0*G\xa8\'q\xa5t\xe3\xebg\x17\xe6\xdaD%\xd3BKJ\x99\xe7\xea(\x85Z+\x88\xf0\xc7\xb2y\x81\xcb0\x1a&gt;\xc6\x87V\xafV3S\\\xa3\xd8\xf3\xdc\x1c]2\x0b\xb6\x8dF\xa9\x14S\xb5B\xcfN\x98\xad!\xa1\xe9\x97L\xd4\x80WJ\xd6\x00\t\xb7OD\xa9\x9a\x98^\x9e\xc5\xa1\xca+\xacj?2\x9a\xcfKA\xb2;\xa2\x95q\x9a\x950\xa5X5\xdc\xd5\xc0+\xb5Bc\xd5\xaaU5\x005*\xb5\x062d\xa2\x9e\xa6\xa2\rO\rJ1(\xa9\xd0P\xca\xf5=\xa6\xa5hd\xc3m\n%\x05\x0fd\xd1\xb6\xc8\xa92\xc8\xea\xa5N\x89\\R*U4\x07\x1c\x89D\xdb\xb7L\xb6E\x13m\x85#\x1d\x12Z\xb5D\x0bT\xdbL(\xbbN)\x18\xc0wmPW\xb4\xab\xdb\x8a"\xa8\xf8\x80\x8a\xa46Nz![\xb4B\x12j\xb2\xdbkZ\x8f\x0b\xf0\xdf&gt;\xea\xa1\x12\xa3\x99\xbd\x87O\x9dQ\xaa\x11H;\xc3\xbe\x1ck\xbf\xb4a\x0b\xa6Y\xeag\xe2\xad\x0b\xe0\x1f&amp;b$!h\x1a\xc9\x00IP\xa23h\xad\xd7z\xd0\xda\xc1\xc3$0\x00A*\x07@6\x1d7\x8a\x16\xf1\x13\xe7A\x85\x85@t\x84R53\xf9\x8bO\xca&gt;I,i\xf7\x02\xca\xefFo\x1d\x99\x0b[B2\x8c\xb9L\x00t \x1c\xc7\xb6c\xeb\xb7\xa5V/\x13\xb2\xecJ\xa9\xb8\xc4\x19U\\\xc7,jn\x0f\xca\xba\xcf}*\xaf\x88\xe2\xb3\xdds\xact\x19\xa4\r@ \xc4\x03\xb1\xfa\xd6\x9b\x84\xda\xb7e-\x9b(\x03\x90\xa1\x8e\x9c\xce\xfc\x82}\x16X\x9a\xe2\x8f\x99\xbf\x83\xaa^T\x91S\xc5\xf1\x7f\xb2khN\xbc\xced\xeaF\xccgY\xd7\xefY\x9c"\x90~#"\x17\xb0\x83\xde5\xdc\x8a\xbb\xbf\x81,\x0b\xce\x8cI=\xc9\x04\xc0\xdbM\x08\xfe\xc53\x0b\x94\x00WS=F\x93\xd1\x8f\xb47\xd2\xb8\xe7&amp;\x9d\x1dx\xd2\xe3\xa0\x11\x83c\xd0\xfa\xe9\xd2v\x1f!\xb5[\x9bV\xc0\x16\x9f&gt;g0\xb9dNS\xcd\x9c\x8f\x7f\xb5\x13\xc2\xd3]\x1a\'i\x8f\x97\xac\xf2\x9a\xb5\xc3\xe0\x14\x13$\x9c\xcd\xaemI\x01F\x9e\x80\xe5\xfa\xd2\xc2\xdbL\x12\x9a\xecQ\x04l\x84\xeb\x91tI\x1d\xa6`\xf5\xd0\xd0\xf6\xb0\xf9VI\xc8\xa3,\xb1\xd0\x0c\xc6\x04\x99\xf9|\xebMt&amp;hg\x10\xd0\x82N\xc0z\xef\'M*\x1cu\xab\x17\xc9\xc2\xdc`K\x82\n\xae\x8aW\xd4\x9d\x8f\xf5\xa2\xb0\xf2\x96\xde\x85\xf1\xaa4\x91Q\xfe\x1b\x0b+\xa8?\x9bH\x9e\x90F\xff\x00\xedP\xf1\x1cu\xf4\xe4\x1c\xdb\x05 fa\xdeOm*\xeb\x84\xf8\x7f\xf0\xc8S1l\xacJN\xcb\xe9\xbe\xbb\x13\xf5\xa818v\xd1\xbe\x1f\xde;\x08\xdfAK8\xf8S\xb5\xb1\xa358\xec\xa1K\xedp\xb5\xab\x88\xd7\x06Vf\x1f\x98A\x04\xc0=\x81\xaa/\x10p\xc5\xb4\xe1\xad\xcf\x96\xdf\x08;\x8fI\xaf@\xe1WR\xe2\x17\x8f\xdb,\xa3&lt;\t+:O\x7f\xf6\xaa\x9f\x12a\xbc\xcbe \x025^\xf3\xed\xd3}\xab\xab\x1fP\xb1M?\xf8\xbe\xe7&gt;L|\xd3U\xb4y\xfeJ^U8\x1ax5\xeb\x9c\x04b\xd5;\xca\xa7g\xa7g\xa0j@\xeff\x84\xb8\xb5b\xe6\x84\xbe)\x93\x15\xa03J\x9bp\xd3\x03\xd3\xd1;%\xcbJ\xb8\xadJ\xb0J\xd8\xa6\x91R-?%5\x89@\xf1N\x06\xa6\t\\ku\xac\xd405857-8Q\x01"\x9a"\xd1\xa1\x83T\xf6\xda\x83C&amp;XZj!.P\x0bv\xa5K\xd57\x12\xaae\x8a^\xa9\xd6\xe5W\xa5\xca\x9d.\xd2\xf1\x19L\xb0K\xb5*\xdf\xa0\x15\xcdJ\xb3C\x88\xfc\x8b\x14\xc4T\xab\x8c\x8a\xaeD\'A&amp;\xb5|\x1b\x82\xad\xb5\xf3.\x89\'aR\xc9(\xc1[\x1a-\xb7H\x0f\x0fn\xeb\x89\x88\x1d\xcd3\x1b\xc2\t\x1f\xe6\x02{U\xde(\xe6\x104\x14\x05\xe45\xca\xba\x87z*\xe1ke\x03p\xcb\x89\xa9S\x1d\xc5o|\x00\xabn\xd3\xdeh\x12r\x92L\x05\x0b\xac\x9d*\x9f\x03\x8ci\x16\xdfc\xb4\xd5\x99\xc2g_+e2`\x18\x13\xdc\xf7\xda\xba\x1eW(\xeb\xb9\x17\x15\x1d&gt;\xc6\xba\xc7\x17\xc3\x9by\x85\xfb`\x99\x10\\\x02\x1bn\xba\x8a\xa5\xf1/\x16\n\x1c\x083\n\xa0A\x1f\x0en\xbak\xa5f/x|\x1d\xa4\xc7B6\xaa\xa5\xf0\xf8d[\x971"\xda\x97 \xa9\xb4\xea\x0eC\x0c\x03\x82D\xc04\x8f,\xd2\xa9*\x1b\x16(7vGk\x0e\xe7\xca\x0b\x92X\x9c\xcc\xd2%\xb3\x1f\x89\xba\x7f.\xb5\xa0\xb7\x89D\xc3\xb0[\x8an\x173\x0c$ c1\xdb1\x93\xf4\xac\xf1\xf0\xd3Zw\x16\xef\x8c\xb0\t\x90\xa5\x8cj$1\xd3s\xd3^\xdd\xa8\xff\x00\xfa\x8d\xfb\xac\xd0\xe5VH\xcdp\x05\x07\xa8\x83:\xef\xd0Es\xe3\xc9\x89\xc7\xfc\xab\xe7e%8\xc9\xda\x97\xe7\xeah\xb1\xb8\x93u2\x02\xc0\xcbf\x82D&amp;\xc1V\x07n\xda\xd7xV\x10Yb\xe6\xe3\xb2\xb2\xe5\x82K\x08;\x11?\x9azVV\xf7\x86\xb1\x16D\x96\xbc\xa4I.\xac\x08\xca;\x14&amp;&gt;\xbf*\x05\xb09\xa0y\x97O\xa6y\x96\xf4\x11\xf6\xd6\xa9\xe1Fi\xd4\xf4\xca\xc1\xc9\xaf*\xfeOO\xc1B\xb1:\xear\xc6\x90\x08#]\x0e\xfe\xff\x00\xf3l\xa1\x99\xe1Z9u2r\xe6\xd7P=\xcfz\xf1\xecO\x036\xd4\x1b\x8bt\x02`g$k\xda4\x83\xae\xd5\xa0\xe0\x98vQ\x9b6 32\xc0/t+\x95\x99Y\'\xb4\x1e\x86\x07j\x83\xc1\x0cq\xb5+\xfd?\xf4\x1924\xb9:\xfd\xcd\xfd\xde\x14\xae\x8b\xe6\\\xc9\x076d:\x93-:\xf7\xe6\xfbWp\xb7l[\xban.^\x8b$\x0c\xdaD\x92\xc7~\xdfJ\xc5&gt;\x02\xdb\xa97\x81\xd0\x85\x06\xf1\xb9\x05\xa0\x92\x06c&amp;\x00\xe9\xdc\xd2\xc7\xf0\xfbP\x0f\x93idI\xca\x08Rv\x95\xf4;\xfaV\x8c\xe1\\n\xbfA1dYd\xa3{7\xb8\x8e2\xb0\xc52\xb1\xd3r \x8e\xa0F\xbd\xff\x00\xbd*\xba\xff\x00\x880\xe4.k\x80\x1de@\x92=4\xd3\xfb\xe9X;\xdc\x18\x81\x98[\xe4+\x9b0\x00\x88\x893\xda={P\xeb\x84\x12Ll\x04\x92\x0e\x9d\x86\xdaVq\x8c\x97s\xa9\xe2\x8cU\xf2F\xc8qk\x16.\xb9[\x81$\x0c\xc0\xae\x9a\xeb\xf4?\xd6\x9e\x98\xabw\xae\x97G\xcc\x0eQ*\x0e]\x8c\xfb\x1d\x05Rp\xce\x14\xe8K\x94\x94\xb8\xaa\x01\xe5\x8dXC\x8e\xa0\x8e\x864\x9a3\x88xd\x96co\xf6\'\xcb\xcc\xadl\xb0\x17\x08 \xe6:\x8em\xf4\xf5\x9a\x83\x86)&gt;\x17_\xc9\xca\xfa\xbe2\xf73\xde$\xe1\xcdj\xe91\xca\xc7C\xeb\xebUY\xabYs\x80\xe2\x9e\xc2\xa9\xc4\x06g\x12\xe8\xf0\xc4D\x15\xca\xdb\xd67\x11l\xa3\x14m\xd4\xc1\x8dk\xd8\xc1%(\xd5\xdbG$\xe4\x9b\xb4J\x1a\xa4R(/2\x97\x9aj\xfcE\xe4\x1an\n\x1e\xf5\xe1C=\xc3C\\sYDW3\x97\xde\x87\rO\x89\xa4R\xaa\x891\xcbr\xb9L\xcbJ\x81\xacJj`j\x05\x158JV:\x1b\x9e\xa5V\x15\x13Z\xa9\x16\xd9\xac\x11\x97\xa2\x85&amp;\x88\xba\x86\xa1\x16\xe9\xe2N]\xc4\xb5=\xb5\xa6\xa5\xba*\xcaVl\t\x0e\xb7j\x8b\xb7\x87\xa7Y\x14RT\xdc\x8b\xa8\x82\xba\xc5K\x86\xb75+Z\xa9\xb0\xf6\xa2\xb5\x9b\x8b\xb1\xe2\xdd\x19\x83\xc0\xbb\xc9U$\r\xcfA\xf3\xa8\xf2\xd6\xb6\xee8\xd8\xc0\xad\xb0\xa2[v\xeb\xae\xa6\xa3\x97\'\x08\xb6tc\xc7\xceI\x1d\xf0\x9e\n\xcf\xc7q\x84\x83\xb7j\xbe\xe2\xb7\xad\x98\xca\xc2+\xcfp\xd6\xb3j\x0cQ\x8dp\x81\x13^6l\xd2\x9b=\x15\xd3F&gt;\xa6\x8f*\x9f\xcdQZ\x00\xb4\r{Vf\xfe8\xc4S\xb8\x17\x16\xc9yeC\x06`\xa0\x92yI\xd2D{\xedM\x8d\xb7\xe8G$8\xabF\xe2\xcf\x0c\x17-\x876\xe0\x86\x903kp\x026\x03aE\x1cZ\xaa\x92UFA\xca\xc4|O\x98\x18=H\x8c\xd1\xd3Jo\x10\xc5\xec\x80\x9c\xcc\xb1\xa0\xf8\x15um@1\xfc\xea\x8b\x8f\xb0`-\x14\xba\xa5\x03\x89\x10\x14*)l\xc5\x88\xdc\x80{\xc9#\xbdr\xb9\xceo\x8au\xfb\xfc\x9e\\\xa6\xd9&amp;\x0f\x89^.^\xe1UW\x1a\x13\xf0\x97\xd4\xa4j$\x906\xdc\xc8\xd0\xd5f\'\x8d\x06kaTyv\xd85\xc5\x95\x98\x96\x96\x0b\xdc\xca}f\x82\xb5\x8a{\x80I\x04\xe4Vb9M\xa6\xb4O\x97sQ\x070\xd3\xdc\x9a\xa4\xe3\x97&amp;\xe1t\x0cN[k\x99ymf$\x96\xeb\xcd\xb9Y&gt;\x87S\x15xas\x95K\xfe\xc9\xb9\xcb\xd0\xd6\xf1\x15\xb7d\xbe\xa4\x1b\x99r\xe6 \xf9`I#^\xe5\x8f^\x9fJ?\x11\xe3\xd8%\xb7\xf3\x1d\xa4e|\xd3l+(\x1a\x00\x00\x8d\xe4{\xfb\xd1\xf8\x96\xcfeW\x13~\xd2\x19WKb\xdd\xd6\xcaD|]InbI;\xb7\xa4\x90\xb0\xea\x8c\x05\xb6\x03(\xd1u\x904\x80\xc3@$\x8dL\x01\xd7j1\xc4\xf1\xd3\x9e\xe8\xaa\xc1&amp;\xfd\x83?\x0bxa\x95\x83\x86\xf3L\xf3s~\xc8\x83\xc9\x95@\x99&amp;w\xfc\xa2\xabp\xf7\x97\tk\x94\x9f&gt;\xeb\x1bv\xd9\x96\x18\x04\x12\xc5D\xe84\x1a\xcf_J-\xf8\xbd\xab\x08\xca\xce\xaf\x13\x95\'1\x07s\x03\xfd\xc6\xe6\xa88;-\xccP7\xad\xdc\x85i\xb4\xa3\x99\x14\xb0\x96f%\x81\xd9WA\xa7\x7f^\x88\xe3|\x1b\x92\xd7z\xf5c\xca\x13\x8c\\S\xd1us\xf6\xa6\xda\xdd\x96\x16\x01r\xef\x97%\xd0\xf0\x02\x86\'\xba\xea\x0c\x11\xbfI.\xf15\xb2Um\xe1Y\x02C0\xb8Z\x15Ry\xb9@\x89\x91\xf6\xd0\t\xaa\x7f\x1b\xf39P\xcb\xc9\x99\x93\',\x82\x0c+z\x83\x1a\xe9\xb1\x9a\x7f\x13\xc2\xbb`\xeda\x83\xc5\xc5\xca\xf7\x0c\xeb9tS\xaf{\x87\xd7Bz\x8a\xd0\xc7\xa8J\xf5\xbdz}\xff\x00=\xc9\xf0\x9c\x92\x8a.mc\x11\x1f\r\x96%-\xe5\xce\x02\xdeF\r\xa3\x92\x14\xe6\x9d\x14\x92\x00"w\xde\xa5\xc5[veO-\x9c\x9d\x99\t0\t:\x0c\xc4\xf2\x8d\xf7\x1aN\xda\xce9\xb1\x87:\xdb\xbd\x91B\xa0^S\n\x80\x1c\xc0\x8d\xca\xcc\t\x04\xf4\x9a\xd4\xe1x\x8a8`\x97CN\x87#\x89\x1f\xc2dT\xb3ax\xda~\x85\xf1A\xafZe\x9d\xfb\xa3\x0f*\xc8\xc0\x15pXO,\x82\x15\x8f\xefw1\xd3\xefH\t\xb6\x86\xd3\x18%\xdc\\\x1f\x11\x03!Ex\x06YC\x0f]\xc5]a\xf1\x12\n\x83\x07MH\x06D\x19\x04\x9f\xe7N\xb8\x8a4d\xb6\xaabP\x05\x89\xe9\xaf\xb1\xfbT#(\xc5|\x85\xe1\x13`\xcd\xcbf\xf5\x91\x19yN\xb0\xcc\xa3\x96Y\x07S\x07P*\xd6\x02a2\xdc\xba\x19\xc6\xe8I\x94\x1bh#X\xdeu\xac\xc5\x9e1f\xc2\xdeP\xa1\x91\xa4\xac\x15\x8bl9\x18\x11\xdb\xbe\xbb\x1d\xbb\x15\x86\xc7Y\tt_\xca.[f+\x96s[\\\xaa@eRu\xd5\x86\xd1\xa5:\xe9\xa7\xea\x9f\xc6\x89\xca\x1c{\xf7\x19\xe2\x1c-\xe1mnX\xbav\x1a[$\xcc\xf4#\xa1\x11X\x06:\xeb\xbf_z\xf4L\x16&lt;\xb6\x15\x85\xb9\xccP\xb2\x1f\x88\xb3\x19"A\xd9\x84\x91\x1e\x95\x80\xbcK1f\xd4\x92I=\xcdz?N\xb5\x07\x17\xe9\xfb\x92\x18\x05;-uE&amp;\xae\xf0\x8c"\x87\xba\xb535Fh\xa00x\xae=\x10\x12\x9a\xf6\xe9\xacJ\x04\r]\xa9|\xaaU\xac\x14\xc8\x94\xd4\xf6\xda\xa1Z\x9d)YD&lt;\x1a\x91k\x93NSH8\xdb\xa2\x87+E\xb9\xa1\x9a\x9a,Y!(\xa2\xb0\xe9;\x02hu\x15\xbb\xf0V\n\xd8\xb3r\xeb\xc4\xc6\x93\xd8R\xe5\x9a\x84\\\x98\xd8\xe1\xceI#,\xa2\x8a\xb5l\xf6?J\xbd\xb5\x84BK\xcf\xca\xaep\x8fiwQ^f_\xa8\xf1Z\x8d\x9e\x8cz/\x93)o\n\xe7\xf27\xd2\x8a\xb7\x80\xb9\xfb\x86\xb6\x18~ \x9d\x15h\xff\x00\xc6Y\x83&amp;\x0f\xa0\xae)\xfd_*t\xb1\xff\x00!\xff\x00\xe5\x8a\xee\xccH\xe1\xf7\x07\xe55y\xe3|U\x85\xc2Z\x0b\xa3\xe9\xa0\xab\x7f\xf1,8\x10d\x9a\xac\xc6\xde\xc2\x1dM\xbc\xc7\xd6\xb4~\xa5\x92Z\x9c5\xf02\xc3\x15\xb5f[\x0f\x8d@\xa2\rt\xe3\x14\xf5\xad\x08\xc7\xe1P\x1c\xb6\x97QU\x978\x82\xb3eKJ\'\xa9\xd8R\xc6\\\x9e\xa2\xcbre6/&lt;\x03\x94\x80v0b\x9dn\xf0\xcdt\x87_.\xd0\xb6m.\x99\xde\xe9 \x16\xdeF\xbb\xe8v\x14_\x14\xe2LFB\xc0\x85\xd0e\x1aUE\xfb\xaa\xcaUTg\x90s\x91\xa8\x881=\xa4W\xa5\xd3\xbe\xea\x88\xcb\x1c\xa6\xd6\xcd\x8f\x86\xb8\xe9knH\r{\xcc\x0b\x94\x10\xb9\x83\x82\x0331\x00~o\xb5X\xf1\xdcR\x1b\xa2\xdd\xd9\x90\x10\x1b\x82Y@`\x02\xc1\xdbI\x1fJ\x0b\x85x\\`\xb0\xc7\x15w\x10\xb7\x1a\xf5\x8c\xe9eD\xc9\xd1\xae\x0c\xe7\x97\x95f\x0fMMQ\x8e(._{wZ\x152\x84$\x90\x19\x98\xf3\x06puR\x0e\x93 \x01\xb6\x82\xb7Q\xf4\xdemIi\xfd\xf4yy\x1a\x93n%?\x88\x1a\xdd\xa6\xb9\x0f\xaf2\xb8\r\xcd\xdc\x08\xe8N\x9b\xf7\xa0q&gt;"f|&gt;TP\x96U?\xcb\r\n\x08\x02\x08\x93$f\xd7\xb9=*lO\x0b8\xacK\x1c\x8c\xa8\x1d\x05\xc6\x86##\x08G\x93\xfb\xca\x99\x81:}\xeb\xb8\xec\r\xb4B\x16\xe0g.\x15\xfa%\xade\x00`Hm&amp;I\xd3\xe75\xd7\x8f\x04c\x15\xcfm\x7fD\xa3\x17t\x19\x8f\xe2\xf6\x81/&amp;\xeb\x12J\x85\x11\xbc@f&gt;\xfd\'qY\xfc\x7f\x17\xc41\x03DRtE\xeb\xfe\xa3\xb9\xab$\xc2+e\xca\x1a\x04\x82I\xdd\x8e\xc4A\x98\x03Q\xa71\x91\xd2\xa9?\x10R\xe8 |$\x82\x0e\xe7B\xa7y\xefM\x87\x0c\x16\xd2/\x91\xba\xdb\x06\xbdr\xe8\x810 @\x804\xe9\xa5\x11\xc2\xf8\xe5\xdb/\x9esB\xb2\x80vRDfQ\xb4\x8fQW\x96\xbc\xa6\x19\xb2\x8ei\x1c\xcaH\x0cA\xd2N\x80\xf2\xb7\xd3\xa5K\x87\xe1\x16\xee\x9b\xa4\xaa\xa9\x02B\xa0\x80\xa2T\x06 \xcc\x81$}5\xd6\xaa\xdcd\xaaHO\r\xbe\xd2\x04\xb1\x8a,\xd9\xae\x80\xc1\xd1\xc7\x9a4?\x039\xce\xba\x80d/\xa6\xb4=\xae,\x81\xb3[K\xa5\x89\x92Z$\x9d\xfb\xfa\x9d}v\xae\xf1\xce\x16m2\xdb\xb7\x98\xf9\x82\x0eY\x00\xf6R;\xebFp\xdb\x1c\xca\xd9\x02\x85%Y\x98\xea\xe5ZH\x88\x1f~\xc7N\x95\xa4\xa3\x15TUd\x96\xa3\x1dW\xe7\xe7\xdce\xacU\x86Q\x9a\xd3\xaa\xc9m\xc1,\xc7\xe2v \xc9:\xf5\x1f*\xa5\xb9\x81\xcc\xe4\xa0 \x16\xd04\x7fN\xb2\x0e\xd5\xa5\xe3\xf9\x16\xd9k@jZ\xda\x80\x16De\x99U;\x10\x06\xb1\xd1u\xd3P\xf8e\xb4\xca\x8fs)\xca\xc5O)i\x9c\xa4\x96\x881\xd8\xfa\x1a\x0b\xcb\xb4,\xdb\x9e\x9f\xa1Uk\x08\xe2\x00r\xa1\x8c\x02\xa4\xc0\'\xa3v\x9e\xf4n/\x87_\x95\xb6\xee\xf7\x00\x1f\x91\x8bD\x91\xf1L\xeb\xb6\x86=\xabE\x94e\xcc\xaa.\x0c\x80\x96V\xdd\xf2\xf5PshH\x00\xfa\x03Pp\\\x02\xdd\xb1\xf8\x92\tu`\xa5C\x85\xcd,`\x8c\xc0m\x98J\xce\xc3q\xb17\x7fp\xd4j\x99E\x83\xe1\xee\x97B\xad\xcd\xc1\x95`A&amp;\x0eP}\xe3\xaci]\xc1\xdaO=\x18\x12\x0c\x82\xeaN\xba\xeaH=F\xba\xd5\x97\x14\xb0\x007\x9009m\xed\x95\x96n/1\x98&lt;\xa3P\x06\xfa4\xc4S\xd7\x06\xb7\x17) :*\xba4\x0c\xc0\x98\x95\x11\xb2\xe8\xdav\xa5m\xd1|ip\xed\xd9\xfeQh\xd7\x17\x07\x99\x00!\xa4\xb5\xb0F\x9c\xc2T\xcfe\'\xec+6\xcdV\\g\x1b\xe6\xa5\xb7$\xb4f\xb7\'H+\x97\xd3]\x8dT\x9aXcQm\xfa\xbd\x9c\xf9#\xc5\xd2\x1d\x9e\xb8\xcdM\xa4j\x84\xd8\xd0+\xb9if\xa6\xb5\xca"\xd9\xdak54\x19\xae\x95\xac\x11\xb9\xa9SH\xa5X[\x05W\xa9\x91\xaa%\xc3\xb5H,\xb5\x16\x8c\x99&amp;z}\xb7\xa8|\xa6\xa9lY2\x01\xd0H\x93\xd8P\xa0\xf2%cR`\xb0/t\x90\xa3m\xcdl\xef\xf8o\x0c-\xa1\\\xccLN\xf4^\x17\x0fc\n\x0ePNn\xff\x00\xef\\yz\xb8A4\xb6\xce\xcc}4\xa6\xd5\xf626\xbc;p\xf5\x15\xb6\xe0\xdc90\xf867\xd8L\x1d\x07\xbf\xf3\xaa\xfbe^\xea\xe5$f57\x12\xc3\xb1r\x9a\xb0\x1d\rpO\xad\x94\xbc\xb2;\xa1\xd2F2\xb8\x99\xff\x00\xc41o\xd9\x9d:Qk\x86\xbe\xda\x99\x14B8\xb7\xa7\x97\xd7]*\\G\x12V\\\xa0\xb2\x9a\x9c\xb2&gt;\xd1Z:\x92\x8a\xeer\xc7\x0fe\x12_\xeajK\x97\x8a\x0ec3\xd6\xab\xbf\xc1\x9e\xef\xfd\xc9\x03\xb7Z98VD\x02\xe5\xdc\xca\x08\x04\xf5\x8aG\x14\xfb\xbb\xfd\t\xceV\xf4\x88\x9a\xf8\xdc\x1a\x0b\x13\x8c;Q&lt;O\tl\xdc\x02\xcd\xc8H\xd6{\xd4\x1c/\x87\x86\xc4\xaa\xb3\xe6A,Gp?\xa6\xd5U\x08E6\xfd\t\xdb\r\xe1\xf8U\xc8n^\xd3\xf7\x17\xbf\xa9\xa8\xb1\x17\xc1\xec\x07a\\\xe3\x17s93\n6\x1d"\xa1\xe1\xbc=\xb1\x16\xdd\xd1\xc0\x08\xc1[\xacL~\xb41\xe3s\xf3?\xe8|\x93X\xd5\x11Y\xe6l\x8a\xb9\x89\xd8V\x93\x0b\xe1G\x08n8\x02\x04\xc7\xb6\xbf:\x9a\xdbZ\xc2[\x1eR\xf9\x8eF\xad\x1a\xd5&amp;7\xc6W\x04\xca8\xf9i]0\xc6\xefG\x13\xcc\xee\xcb\xdf\x12a\xed\xad\x95(s4\x89Y\x80Q\xa34\r\xbbV7\x87\xf9^e\xebNm\xa8e^R\xb9A_2X+\xb77\xc2\x08\xcc\x07P\x07z\xf4?\xfe2[W-\x9cE\xf6^c\x95\x15\xc8\xd1D\xce\xfe\xc6\xa1\xf1u\xac\x16!\x82\xda6\xfc\xc6-,\x89 %\xb1\n\xacGr\t\x9e\xc4W\xa5\x8b\x1b\x8c&lt;\xcfG$\xe9\xce\x97\xeey\xcf\x19\xf1\x15\xc7k\xabj\x02]kDD,\x8b*R\xdc\xae\xf1&amp;D\xec{\x9a\xac\xc0\xe3\x05\x97V$k!\xd5\xb2\xdc\x12@\x1a,G}\xf6\x9a\xf4\x9e\x07\xe0\xfc0\x19\xb1\x17n\xdd\x10\xdc\x81\x02\xda\x0eN\x86d\x9d\x07~\xf4F7\xc3\xf8dS\x93\x0f N\xca\x0e\x83\xbcmBSB\xfa\xe8\xf3\xee\x15\x8b\x17\x19\x80\xe6`\x83(\x04\xea|\xcbrDj\x0cI\x9a\xaf\xc5p&lt;K\xb3\x11f\xe9\xea\xb0\xbf\xd3\xa5{m\xac&gt;\x12\xce\x1e\xc9\xb1lgu\xb7p\x80%\x80b\t\x06\x07.\x93\xbdW\xf8\x93\xc5?\x85\xba\xb6\xd5wP\xe4\xc7.\xba\x00O_\x95,r$\xf4\x19)M%G\x96\xe1p\xd7&lt;\xb0\x8d\x87\xba\xae\x0e\xa0\xdby\xf5y#\xaf\xf7\xd2\xbbf\xe3\xab\x8c\x80\xa4\x10\x03\x10\xd1\xb09J\xef\xdc|\xab\xd60^.\xb6\xeb\x99\xd3/\xf0\x89?8\xd2\x967\xc4V\x1a\x02 ,$\x9d\x06\xc3\xd6\xa6\xf3\xc3\xbd\xa1\xd6&lt;\x9d\xb8\x9ew\xc4x\xbb\xde\t\x16\x1am\x99\xcdm\x0b\x0b\x86WG\xd2b\x0b|\xe8\\35\xbbw\x9a\xf2\x94Wi\x96\x10\x04\x92r\xaeq1\xf2\xd6\x05z\'\x08\xe3&gt;u\xd6@\xa1J\x89 \xfb\xc5kS\x06\x8e\xb9[.\xbd\xea\x8a|\xd0\x8d\xb8:g\x84\xfe\x1d\xeeYD\xf2\xae\xb6\\\xcdm\x95`\x0c\xc7\\\xc0n\x0e\xe3\xb1\'\xa5\x19\x80\xc1bP\x10\xb8k\xc8J\x85l\x84\x9c\xc3\xa9\xe6\xd2I\xca}\x94\xf7\xafS\xe2iv\xd3\x90\x96\xd0\xaa(&amp;\x04\x92:\x9d&gt;~\xf5\x9a\xc4x\xaa\xe2=\xb2\xc8\xbe[3\x02D\xc8\x8d\x8cu\x14\xbe.\xe8*-\xf6E\x10\xe0\xb8\xec\xb3\xf8vm\xb4\x94\x01u$\xe9\x98z\x0f\xee*\x8f\x11\xc2\xee\xd9\xcc\xf70\xcf\x95\x95A\x00H\x10d\xc1\x03\xdb\xa8\x9d{\x9a\xf6W\xf1\x088f{@;\xe9\x94N\x8cO_aYs\xc7\xf1\xd0\xec\xf6C\x05R\xc4n`\x18\xd8\xf4\xa3\xe2Ej\xd0T&amp;\xf7F\x1b\x15\x83{\x96\xceR\xdeZ\x82I$\x02\x02\xc1\n\x08\x1a\x99;zE\\\xe1&lt;?\x88\xf3m\x07\xb6\xc2\xde\xcet\x8c\xacG\xf2\n\x07\xce\xb4\x18f\xbd\x88\xb0r\xd8E\xb7i\xbc\xc7\xd7\xe3a\xcf\x97A\xb01&gt;\xbe\xc6\xaex\xf7\x89\xda\xc0\n-+\x123\x16\x07\x90\x02%O}F\xb4-\xf1\xde\x8e\x87q\xd4\x16\xdb\xfe\xbf\xd9\x92\xf1W\x87\x14%\xdb\x96\x8c-\x9e`\x0e\xb9\xa1\x8a\\ \xf4\x82#\xff\x00S\xde\xb0\xb9\xabK\xe2\x1cU\xd1fZ\xef\xf9\xcd\xaa\x0f\x84\t/\x00\xf6\x92k2\x16\xad\x16\xa4\xad\x1c\xddBq\x9dK\xbe\x854\xd2\xd4\xe2\xb4\xc2)\xa8\x85\x8ccQ\x13R2\xd4e(\xd0\xad\x8f\xb6\xd5+8\xa1\xc0\xae1\xadA\xe4u\x9e\xbbP\x93J\x8d\x0be\xea\x85\xa7\x00\xbd\xaa\xb8]4\xf4\xc4S\xd0\xb6XeZL\xab\xda\x83\xf3\xe9\xd6\xb3\x92\x18+0\x04L\t\x1aP\xa0\xd9\xe8\xbc1G\xe1W^r\x06\x87\xfb\xedU\x98\xbb\xc7\xe1}k={\x8f8p\xc84\x03Q4\xccG\x88\x19\xff\x00%xy:,\xb3\xca\xe7Zg\xad\x1e\xa3\x14"\xa3\xc8\xb4K\xf9]\x0f@\xc0\x9fi\xad^&gt;\xf2r\xbch@\xda\xb06\xae]\xb8\xa5\xd6\xd1*:\xe9F\xe1\xf8\x86 \xa0\x02\xdc\x81\xb4\xc85&lt;\xff\x00O\xc8\xe9\xfb\x14\xc3\xd6A\xbd\x97x\x8b\xea[A\x00\xf7\xa1\xb1\x01@\xd4\rz\xd6c\x88\xf1\xab\xca\xd9r\t\xe8\xb3&amp;\xa3O\x11\\\r\x17-E\x18\xf49\x12\xd7\xfb\x1e]f&gt;\xc6\x98\xb2\xc6\x94(f\x93\xcd&gt;\x94\x02x\x9d\x0f\xc5a\xbd\xc0\xd2\xa1\xbd\xc6\xac\x16$-\xd5\xf6\x15Ht\xb9\x13\xa6\x89\xcb\xa9\x87\xb8F"\xea\x83\xa95\x07\x0b\xe2\xa2\xdd\xf0\xd9\xb42\xb2{\x1a\xa5\xc6c\xe4\xf2+\x91\xebK\x87\xa8gSt\x1c\x93$u&gt;\x95\xd8\xbae\xc5\xa9\x10}N\xf4j1\xd7\x11\xe4\xbd\xcc\x96\xc7Q\xf11\xec*N\r\xc7m!\\5\x95\x8bna\xd8\xee\xc674/\x1c\xc7Y\xbbm\xc2(\x0c\x88\x08\x03\xb0\xda\xb1\xf6\xb1.\xac\xac\x01\x04\x10GC\xf2\x9al\x18*4O&gt;{g\xa8\xe71\xa4\x98\xf4\xd2\x83\xc4\xe2\x90\xe8T\xc8\xdc\xf4\xa2\xbc9\xc7\xb0\xf8\xac\xb6r\\[\xb9K\x1c\xc6A\xcb\xd9\xbf\xda\xae\xed\xf0;djL\x99 \x05f\'\xb4\xe9\xa5\tG\x8b\xa6\x08\xc95f*\xe5\xe2&gt;\x16 v\x04\x8f\xb5k\xf8\x1f\x0fd@\xf7V\x1a\xe8\x99\xea\x17B\x07}w?.\xda\xb7\x85xY.^\xcc\xcbs-\xb6\x05\xa4r\x9c\xa6r\xeb\xfc\xaa\xf7\x8d\x13\x9a`\x80\x01\xd7^\xbd\x804\x8eT;m\xe8;\x84\xdeQi\xad\x11\xd76\x9b\xb0m\xe0\xed\xdb\xafZX\xccl\x92\x88\xa5u\xd4\xb4i\xb1\xd0\t\x93\xb5U\xf0\x9d\x18\x12H\x07\xfb\x9fj\'\x1a\xc0\xb1=\t\xd0\x9e\xb1[\x95"|vHq\xb6\xe4\xab\xb1=\xf4 \x1f\x99\xaa\x9e)\xe1\xbbw\xc8\xb8\xa4\xa9\x88\x1a\x87\x00\x01\x02\x01\xe9\x1e\xb4\xb8\x9bH\xd0\x12T\xcf\xeb\x15\xc1\xa0\x0f0H\x04\xe5\x90)y\'\xa62N;Ev3\xc3\x97\x86\xb9E\xc5\x0b\x1c\xb2\x08\x81\x00\xc7\xfc\xd5*\xb3#\x10AW\x1d\xc1\x1av\xd6\xb5C\x1e\xe0\xc0\xba\xff\x00\xc4\x7f\xa9\xd6\x88l`t(\xec\x18\x1f\xde\x08\xdfb4:Te\x82/\xb1\xd1\x1e\xa2KRF[\xc3\xb8\xdc\x98\x86g\x93\xe6\x011\xa9\x04\x13\xcd\xed\xaf\xde\xbd#\x07\x84\xb8\xd6\xc3\x0b\x8a5&amp;I\xd0\xafMk/\x81\xe0v\xd9\x896\xce\x87\xa1\x81\xae\xf9\xa7aGq\x0bkmM\xa1\x04\xe9\xa1:\x0f\x90\x1a\x9fz\xbe6\xe3\x1ad2\xd4\xe5h qL\xf9\x80\x93\xf9C\x0e\xa0o\xef\xd0\xd6Z\xc3\xa3\\k\x10\x18\x82X0\xd4\x81 U\xbb^\xcb\x04\x00\xa65\x90 \xf5\xa0\xd3\x13i.\x17\xc9\xccD\x16S\xd0\x99\xd1\x7f\xaf\xa5r\xcb\x1eG\xdfgD\'\x05\xd8=e\x06t\xe5Q\xac@\xf6;\xfaU^#\x8e39[B3\xb7\x96\x1e6\xd0\xb4\xc7\xb2\xe9\xeb\x15g\x7f\x8e#\xa6A\xa1\x88\xd7M\xe6\x84\xb7\x80H&lt;\xd9\xa4\x82{H;\xfa\x1a\xe5nPmS/\x17\x19m\x87\xe01\x17\x92\xdd\xcc=\xabq \x84\xb8\xe7\x94\x06\xdd\x9b\xa9a$\xfa\xd0\x1e(\xc1+[Q3\x0b\x97\xa6m\x17*\xff\x00!L\xc7\xf8\x95m\xb5\xbbj\xeaY\xddU\xbb\xa80\t#\xedCq\xacL\xe5Kz\xf3$\xfb\xe6\x04\x98\x1a\xf4\xde\xa9)\xe5|S\xecl|\x14\x9b+\xf8\x9f\x06k\xe1\x00`\xa8\x9b\x93\xb9\xd0\x0f\xd6\x80\xbb\xe1U\x03\x96\xf8\'\xd7h\xab\xcbeU\x8a\xbb\t\x8f\x80\xb2\xaf\xcfS4\xebxU\xdd\xae\xa8\xec\x075zX\x1c\xa1\x04\x8f?=O#\x91\x9c_\x0c\xc8\xd2\xe6\xbe\xdc\xb5O\xc5xs\xd9l\xad\xae\x80\xc8\x1ak[\xd1e\x0e\x82\xe3\x13\xe8\x84\x0f\xbd\x0fyt3\x07\xb8$G\xde\xba#\x91\xfa\x9c\xee\x0b\xd0\xf3\xd1\xae\xda\xd5\x8e\x0f\x80\xde\xb8G!\x03\xb9\x1f\xd2\xb5\x96|\xb5\x10\x16\xda\xfbe\xa1\xb1^%D\xe5\xce\xcd\x1b*j\xa3\xe71M\xceO\xb2\x17\x8a]\xca\xbe%\xe1cn\xc9\xb8\xa5\x8b.\xa4@\x82:\xc4mYp\x84\xec\t\xf6\x13W\xd8\xdf\x14_rB\xb6U\xe8&gt;#\x1e\xa4\xd5Q\xe2W\xba]a\xe8\xa7(\xfa,U"\x9dlGV\x07q\x08\xd0\x82\x0fb \xd2\xa7]\xb8\xcce\x98\xb1\xeeI\'\xefJ\x9cC]\xe2\xc4\xb4\x97Q\x00\xd9\xb5 n\xbdjk\xf8t\xbb\x91-\xa1\x82@\xcc\x06\x80{\xd5}\xacB\xe2\xb1\x0b\xe6\x9c\xab\xfd\xf5\xad\xf5\xac%\x9c=\xbf4\x12\xea\x07(\x02kvF3\x18\xff\x00\x08\xe5d\x08\x0c\x1d\xfa\xfd+A\x84\xc2[\xc3\x81n\xe2L\x8d&gt;\x9e\x9b\xd1\xb8\x1e+\x8a\xbe\x85\x92\xca\x85\x1bI\x00\x8a\x03\x87\xd9\xbc\x8e\xd8\x9b\xefo(\x1a\x06:,v\xf54\x02R\xf1\x9f\t]\xb8\xf9\xed\xa6PGc\xaf\xe9Ppn\x1c0\xa5\xbf\x10\x92Xr\x91\xa9\xf5\xd3\xb5^q\x1f\x17^m-@\x91\xf1\xb0\xd0\x7f\xa4\x7fSY,~:\xe82\x11\xee\xbb\x8f\x8c\xc9\x03\xd4\x9e\x9dt\xa5\xbfa\xd4}\xcbW\xe2)a\x18H\n\xccH\x98\x91=(\x03\x88\xbbtM\xb56\xd3\xf7\xc8\x82\x7f\xd2*.\x0f\xc1Z\xf1\x0ft\x17rtS\xa2\x8fqV\xb8\xae+e\x18\xad\x97\x904\xcc\xcc\xa4\x8d5\x80\xba(\xde*-9=\x1d\t\xa8-\x81`\xf8J\xa1\xcc\xccK\xee4\x96\'\xd4\xf4\xa3\x93\x87#K1$\x8e\xa1g\xeaj\x0b\x1c\\\x10X]]$\xect\x1dNo\x9fSN\x1ceF\xbejA\x882\xa3n\xd3\xa9\xe9L\xa0\xd0\x8ei\x87/\x0f\xb5\xb2\xa9?(\xfet\xcb\\6\xc6q\x9c\x15\x13\xac\x00H\xf9P\xf6x\xd8;\xdc\xb6{\xeb\xa9\x1dz\xfb\xfdi\xf78\xf0#W\x1bti\xd1fN\xad\xb7\xf2\xad\xc5\x9b\x9cC?\xc3\xac\x06p\xa42\x8d\x8b\x0c\xa4\xfc\xab\x86\xd6\x19`\xba\xc8\xff\x00\xc6&gt;\x9a\xd0\xa3\x8e\xdb\x8f\x88I\x9d\xd8\rN\x9bu0@\xf9\xd3\xc6&gt;\xd4g\xcc#B\x03\x1d\xc7\xa1\xd0\x01\xa7\xa7\xca\x87\x07\xec\x1ek\xdc.\xd6\x17\x0c\xd9\xa2\x01?\n\xe5\x06u\xd8\xb4\x80\rC\xf8k/\xf9\x04\xe8\x07+\x18\x1f*\x1a\xe7\x14\xb4t\x95 \x0e\xe0\x9e\x9b\x1d\xb7#\xda\x99\xfe%h\xc0\xe4\x1d\xe0\x8fQ:{P\xe0\xcd\xce&gt;\xe4\x8b\xc2\xad\x8ep\x8b\n~!\x9dH=5\x8a\xd0\x9e=\x89TB\xa2\xd1PD\xa8\xfc\xc0t=~u\x9bN"\x00\x95d\x8d\xf3\x06\xe9\xa6\xba\x1fQN\x1cl\x0f\xfa\xc9\xfc[\x8f\xaf\xb5,\xb1\xc9\x8e\xb2@\xdf[\xe3Kr\xda\xf9L\x03\xc4\xb8c,\x0bs\x106\xcd\x13\x13\xe9UWx\xed\xa0\xc5.\x12\xa4\x1f\xcc\xa4\xcf\xccH\x8a\xce/\x19X\x8f6\xd7\xd1LOb~U\x01\xc6Y2\r\xcb~\xe7\'q\x1b\xea:\xd4^\t\xb1\xd6\\h\xd4\xdc\xc4Zr&lt;\xbb\xe8=3(?C\xad\x1b\x970\x12\xd9\x8e\xfb\xc4\xfc\xab\x02\xe2\xd1\xfc\xf6\xfb\xfe]\xc7\xce\x98\xa5`s\xd90t\xf8gx\xd0\xc5/\x830\xf8\x90\xf7=\r\x93H\x8f\xec\xd0\x9f\x85P\xa1[@6\x89?\xc4\x0f_j\xc4\xad\xfd\xff\x00i\x03\xa6W\xcb\xfc\x8f\xaf\xf2\xa1\xef;\x1f\xfb\x8b\x9e\xe2\xeb\xfd\xb9\xbf\xb8\xa2\xb1H\x0eq\xf77\x96\xcd\xa2\x0c\xaa\x826:\x99\x1a\xf43\x1f\xf3P\xde\xc4*\x88P\xb0w\nA\xfeu\xe7\xefa\xa0F.\xee\xddn\x12;u&gt;\xd5\x1a[\xbc6\xc49\xd3\xac\x10\x0fI\xd2\x9f\xc2\xf9\x17\x9a6\xc3\x88@*\xc5\xbd \xc6\x9e\xa3\xadD\xd8\xd0\x7f3m\x13\xdf\xb7z\xc5\xbe.\xfa\xe8o\t\xeb\xa2~\x94\xdf\xc5\xdf?\xf5G\xae\x96\xfb\xc4\r=E\x0f\x01\x87\xc6\x89\xae\xbb\x88&amp; \xc9\xebM\xf3I\xd0\xc4\xf5\x1f\xa5dF.\xfe\xfea\xd8\xc4\x88\x9e\xe2\x00\x83N8\xcb\xd3\x1ecN\xba\x05\xd7\xec\'\xbf\xda\x8f\x83 \xf8\xd15\x0c\xa7\xbc}j0\x81uc\x03\xdcVN\xed\xf6#[\xce\xda\x9d9\xc1\x8e\x84\x81\xa7\xdc\xd4M\xb0/\x98\xcc\xc1*H1\xbdo\x06F\xf1\xa2jn\xf1l2\x917\x14\x91\xd3F \x8am\xcf\x18\xa0\x10\xa0\x9f`\xa8&gt;`Ef\x97\xcb\x8dd\x7f\xe8c\xdf\xfb\x15.[ZK\x13?\xf8\x91\xe9\xd4t\xdf\xadQb^\xc4\xdeO\x92lo\x88\xee\xcc\xdbU\x13\xb9\x1b\x9fr(a\xe2\x1b\x8c5\xb8\xc3\xd9\x98\x1f\xb5\x14\xa9\x87\x1aE\xc3\xd6a\x01\xf4\xd36\xc6~\xd4%\xfe\x14\x8f\xf0\x10\x86\x0f\xc6\xca\x01\xd7\xa7\xe9\xfa\xc5:Iz\t&amp;\xdff#\xc5o\xc4\x0b\x975\xff\x00\xc8\x9f\xb9\xa0\xaf_v2\xc4\xb7\xa9$\x9f\xbd\x15\x80[\x96\xb9M\xb2\xfa\xc7H1?\x0c\x8d\xa8\xe5\xbeu0\x10\x9e\x90\x1a=\x0e\xbe\x9d\xe9\xf9P\x9co\xb9G\xe6R7*\xc6\xf6\x11\xdc\xfc+=\xd2\x07\xd6\t\xa0\xaf`\xae.\xa5Lw\xdf\xeb\x14\xcai\x8a\xe1$E\x9a\xb94\xd0\xd4\xa9\xc9\x88\x9a\xed2\x95c\x1b\xcf\t`-\xba;:\x02Fh\'\xa4\x01\x15\xad\xe1x\x96[%A\xd0\r\x04\x03\xfc\xc5*T@\x0f\xe2\xccS\xa5\x9b9\x1b,\x839`N\xfb\xc5`\xbcK\xc4n\x8f)C\x9c\xa6\xda\x18\xd3vPI\xf9\x93J\x95(\xc8\xa7\x1cJ\xeeB|\xc6\x99\x02}9\xbfJ\xea\xf1;\xbf\xfe\x87\x7fJT\xa8\xa00\xec&gt;:\xe1\xba\x8aZAmD\x08\xa6\xbf\x12\xba\x0f\xc6v\x1d\x07\xe9J\x95\x14\x8c\xdb%\xff\x00\x10\xb9\xfb\xfd\xba\x0e\xfe\xd5\'\xe3\xee\x0f\xcd\xf6\x1d\xbd\xa9R\xa3H\x16\xc4\xb8\xfb\x84\x9en\xbd\x97\xb8\xf4\xf54\xef\xc5\xbf\x7f\xb0\xfd)R\xa1H\xc9\xb2u\xc4\xb6\xdan\x7f*\xfam\xa6\x94\xe7h\x1a\x01\xbc|+\xfaR\xa5Z\x90m\x9d\xc2\x19Fb\x04\x8b\x90\x0c\r\x82\xact\xf55(\xb8g\xa6\x90v\x1b\xf7\xda\x95*\x14\x1bgp\xf7\x0e\xda}\x05\x15q\xcec\xb7S\xb0\xdfjT\xa8R5\xb24\xbc`\xed\xbcl6\xfaR\xcd\xe8\xbf\xc2\xbf\xa5v\x95\nC[.8\xe5\x84Kvr\xa2\t\x12NE\x92r\xf7\x89\xaa\xa0\xa2~\x15\xd8\xfeU\xfd+\x94\xa8R2lx\xb6\xbf\xb8\x9b\xfe\xea\xfe\x94\xcf\xc3[\x9f\xf2\xd3\xf8W\xf4\xa5J\x94a~\x1d"2,\x13\xa8\x81\xae\x87\x7f\xa9\xfa\xd3^\xc2\xc6\\\xab\x97M F\xe7\xa5*T\xa3\x11\xde\xb6\xa9\x9b*\xaa\xc1\xe8\xaa7PON\xe4\xd5N*\xfbL\xce\xba\x19\x813J\x95:\x11\xb0{\xb8\x86\x8d\xfb}\xe6i\x03;\xd7iQ\x05\x92\xda\xb0\xa4\x80G^\xe6\x93XPv\xa5J\x89\xacj\xa0\x9d\xbf\xa58\xd8Y\xdb\xbfS\xdc\xd2\xa5F\x80=0\xab\x03C\xb1\xea}}i\xc3\x08\x99\x86\x9b\x9du?\xadr\x95`\x93\x9c\x1aG\xc3\xdf\xa9\xf5\xf5\xa4\x98\x1by\x87"\xf5\xe9J\x95(\xf4L0\x96\xe7\xe0^\x9d\x07j\x88\xe1\xd3^E\xdb\xb0\xa5J\x80L\xff\x00\x17\xb6\x16\xe4(\x80UL\x0e\xe4kA\xcd*UDA\xf7\x11\xaeR\xa5D\x07\xff\xd9\r\n--0f0cb18e2599197aa96c5200ae553d25--\r\n' 
 </msg>
<msg timestamp="20200723 10:37:24.584" level="INFO">POST Response : url=http://ninjachef-api-qaninja-io.umbler.net/products 
 status=200, reason=OK 
 body={"_id":"5f19908d42f1f60016038a6c","user":"5f1859a442f1f60016038934","thumbnail":"thumbnail-1595510925045","name":"Sanduiche de pernil com pimentões e especiarias","plate":"Tipo","price":21,"__v":0,"thumbnail_url":"http://ninjachef-api-qaninja-io.umbler.net/files/thumbnail-1595510925045","id":"5f19908d42f1f60016038a6c"} 
 </msg>
<msg timestamp="20200723 10:37:24.584" level="INFO">${resp} = &lt;Response [200]&gt;</msg>
<status status="PASS" starttime="20200723 10:37:24.035" endtime="20200723 10:37:24.584"></status>
</kw>
<kw name="Status Should Be" library="RequestsLibrary">
<doc>Fails if response status code is different than the expected.</doc>
<arguments>
<arg>200</arg>
<arg>${resp}</arg>
</arguments>
<status status="PASS" starttime="20200723 10:37:24.584" endtime="20200723 10:37:24.584"></status>
</kw>
<kw name="Convert To String" library="BuiltIn">
<doc>Converts the given item to a Unicode string.</doc>
<arguments>
<arg>${resp.json()['_id']}</arg>
</arguments>
<assign>
<var>${token_produto}</var>
</assign>
<msg timestamp="20200723 10:37:24.584" level="INFO">${token_produto} = 5f19908d42f1f60016038a6c</msg>
<status status="PASS" starttime="20200723 10:37:24.584" endtime="20200723 10:37:24.584"></status>
</kw>
<kw name="Set Test Variable" library="BuiltIn">
<doc>Makes a variable available everywhere within the scope of the current test.</doc>
<arguments>
<arg>${token_produto}</arg>
</arguments>
<msg timestamp="20200723 10:37:24.584" level="INFO">${token_produto} = 5f19908d42f1f60016038a6c</msg>
<status status="PASS" starttime="20200723 10:37:24.584" endtime="20200723 10:37:24.584"></status>
</kw>
<kw name="Go To" library="SeleniumLibrary">
<doc>Navigates the current browser window to the provided ``url``.</doc>
<arguments>
<arg>${base_url}</arg>
</arguments>
<msg timestamp="20200723 10:37:24.584" level="INFO">Opening url 'http://ninjachef-qaninja-io.umbler.net/'</msg>
<status status="PASS" starttime="20200723 10:37:24.584" endtime="20200723 10:37:31.743"></status>
</kw>
<kw name="Input Text" library="SeleniumLibrary">
<doc>Types the given ``text`` into the text field identified by ``locator``.</doc>
<arguments>
<arg>${CAMPO_EMAIL}</arg>
<arg>${email_cozinheiro}</arg>
</arguments>
<msg timestamp="20200723 10:37:31.743" level="INFO">Typing text 'tomper@eu.com' into text field 'id:email'.</msg>
<status status="PASS" starttime="20200723 10:37:31.743" endtime="20200723 10:37:31.827"></status>
</kw>
<kw name="Click Button" library="SeleniumLibrary">
<doc>Clicks the button identified by ``locator``.</doc>
<arguments>
<arg>${BTN_ENTRAR}</arg>
</arguments>
<msg timestamp="20200723 10:37:31.827" level="INFO">Clicking button 'class:btn-primary'.</msg>
<status status="PASS" starttime="20200723 10:37:31.827" endtime="20200723 10:37:32.074"></status>
</kw>
<kw name="Wait Until Page Contains Element" library="SeleniumLibrary">
<doc>Waits until the element ``locator`` appears on the current page.</doc>
<arguments>
<arg>${DIV_DASH}</arg>
</arguments>
<status status="PASS" starttime="20200723 10:37:32.074" endtime="20200723 10:37:32.275"></status>
</kw>
<status status="PASS" starttime="20200723 10:37:24.020" endtime="20200723 10:37:32.275"></status>
</kw>
<kw name="Quando o cliente solicita o preparo de um dos meus pratos">
<kw name="Create Dictionary" library="BuiltIn">
<doc>Creates and returns a dictionary based on the given ``items``.</doc>
<arguments>
<arg>payment=Cartão</arg>
</arguments>
<assign>
<var>&amp;{payload}</var>
</assign>
<msg timestamp="20200723 10:37:32.275" level="INFO">&amp;{payload} = { payment=Cartão }</msg>
<status status="PASS" starttime="20200723 10:37:32.275" endtime="20200723 10:37:32.275"></status>
</kw>
<kw name="Create Dictionary" library="BuiltIn">
<doc>Creates and returns a dictionary based on the given ``items``.</doc>
<arguments>
<arg>Content-Type=application/json</arg>
<arg>user_id=${token_cliente}</arg>
</arguments>
<assign>
<var>&amp;{headers}</var>
</assign>
<msg timestamp="20200723 10:37:32.275" level="INFO">&amp;{headers} = { Content-Type=application/json | user_id=5f198fbc42f1f60016038a67 }</msg>
<status status="PASS" starttime="20200723 10:37:32.275" endtime="20200723 10:37:32.275"></status>
</kw>
<kw name="Create Session" library="RequestsLibrary">
<doc>Create Session: create a HTTP session to a server</doc>
<arguments>
<arg>ninja</arg>
<arg>http://ninjachef-api-qaninja-io.umbler.net</arg>
</arguments>
<msg timestamp="20200723 10:37:32.275" level="INFO">Creating Session using : alias=ninja, url=http://ninjachef-api-qaninja-io.umbler.net, headers={},                     cookies={}, auth=None, timeout=None, proxies=None, verify=False,                     debug=0 </msg>
<status status="PASS" starttime="20200723 10:37:32.275" endtime="20200723 10:37:32.275"></status>
</kw>
<kw name="Post Request" library="RequestsLibrary">
<doc>Send a POST request on the session object found using the
given `alias`</doc>
<arguments>
<arg>ninja</arg>
<arg>/products/${token_produto}/orders</arg>
<arg>data=${payload}</arg>
<arg>headers=${headers}</arg>
</arguments>
<assign>
<var>${resp}</var>
</assign>
<msg timestamp="20200723 10:37:32.929" level="INFO">POST Request : url=http://ninjachef-api-qaninja-io.umbler.net/products/5f19908d42f1f60016038a6c/orders 
 path_url=/products/5f19908d42f1f60016038a6c/orders 
 headers={'User-Agent': 'python-requests/2.24.0', 'Accept-Encoding': 'gzip, deflate', 'Accept': '*/*', 'Connection': 'keep-alive', 'Content-Type': 'application/json', 'user_id': '5f198fbc42f1f60016038a67', 'Content-Length': '26'} 
 body={"payment": "Cart\u00e3o"} 
 </msg>
<msg timestamp="20200723 10:37:32.929" level="INFO">POST Response : url=http://ninjachef-api-qaninja-io.umbler.net/products/5f19908d42f1f60016038a6c/orders 
 status=200, reason=OK 
 body={"_id":"5f19909542f1f60016038a6d","user":{"_id":"5f198fbc42f1f60016038a67","email":"qagabiru@rio.com","__v":0},"product":{"_id":"5f19908d42f1f60016038a6c","user":"5f1859a442f1f60016038934","thumbnail":"thumbnail-1595510925045","name":"Sanduiche de pernil com pimentões e especiarias","plate":"Tipo","price":21,"__v":0,"thumbnail_url":"http://ninjachef-api-qaninja-io.umbler.net/files/thumbnail-1595510925045","id":"5f19908d42f1f60016038a6c"},"payment":"Cartão","__v":0} 
 </msg>
<msg timestamp="20200723 10:37:32.929" level="INFO">${resp} = &lt;Response [200]&gt;</msg>
<status status="PASS" starttime="20200723 10:37:32.275" endtime="20200723 10:37:32.929"></status>
</kw>
<kw name="Status Should Be" library="RequestsLibrary">
<doc>Fails if response status code is different than the expected.</doc>
<arguments>
<arg>200</arg>
<arg>${resp}</arg>
</arguments>
<status status="PASS" starttime="20200723 10:37:32.929" endtime="20200723 10:37:32.929"></status>
</kw>
<kw name="Sleep" library="BuiltIn">
<doc>Pauses the test executed for the given time.</doc>
<arguments>
<arg>6</arg>
</arguments>
<msg timestamp="20200723 10:37:38.942" level="INFO">Slept 6 seconds</msg>
<status status="PASS" starttime="20200723 10:37:32.929" endtime="20200723 10:37:38.942"></status>
</kw>
<status status="PASS" starttime="20200723 10:37:32.275" endtime="20200723 10:37:38.942"></status>
</kw>
<kw name="Então devo receber uma notificação de pedido">
<msg timestamp="20200723 10:37:38.948" level="FAIL">No keyword with name 'Então devo receber uma notificação de pedido' found.</msg>
<status status="FAIL" starttime="20200723 10:37:38.948" endtime="20200723 10:37:38.948"></status>
</kw>
<kw name="Close Session" library="base" type="teardown">
<kw name="Capture Page Screenshot" library="SeleniumLibrary">
<doc>Takes a screenshot of the current page and embeds it into a log file.</doc>
<msg timestamp="20200723 10:37:39.026" level="INFO" html="yes">&lt;/td&gt;&lt;/tr&gt;&lt;tr&gt;&lt;td colspan="3"&gt;&lt;a href="selenium-screenshot-3.png"&gt;&lt;img src="selenium-screenshot-3.png" width="800px"&gt;&lt;/a&gt;</msg>
<status status="PASS" starttime="20200723 10:37:38.948" endtime="20200723 10:37:39.042"></status>
</kw>
<kw name="Close Browser" library="SeleniumLibrary">
<doc>Closes the current browser.</doc>
<status status="PASS" starttime="20200723 10:37:39.042" endtime="20200723 10:37:41.696"></status>
</kw>
<status status="PASS" starttime="20200723 10:37:38.948" endtime="20200723 10:37:41.696"></status>
</kw>
<status status="FAIL" starttime="20200723 10:37:16.201" endtime="20200723 10:37:41.697" critical="yes">No keyword with name 'Então devo receber uma notificação de pedido' found.</status>
</test>
<doc>Suite dos testes de pedidos recebidos sendo eu um cozinheiro
Assim que o usuário enviar sua solicitação de preparo de um prato
E dessa forma eu possa aceitar e enviar seu pedido.</doc>
<status status="FAIL" starttime="20200723 10:37:15.885" endtime="20200723 10:37:41.699"></status>
</suite>
<statistics>
<total>
<stat pass="0" fail="1">Critical Tests</stat>
<stat pass="0" fail="1">All Tests</stat>
</total>
<tag>
</tag>
<suite>
<stat pass="0" fail="1" id="s1" name="Receber-Pedidos">Receber-Pedidos</stat>
</suite>
</statistics>
<errors>
</errors>
</robot>
