<?xml version="1.0" encoding="UTF-8"?>
<robot generator="Robot 3.2.1 (Python 3.8.3 on win32)" generated="20200719 18:26:09.192" rpa="false">
<suite id="s1" name="Produtos" source="C:\RobotWeek\ninjachef\Tests\produtos.robot">
<test id="s1-t1" name="Novos pratos">
<kw name="Login Session" library="helpers" type="setup">
<arguments>
<arg>gabiru@gmail.com</arg>
</arguments>
<kw name="Open Session" library="base">
<kw name="Open Browser" library="SeleniumLibrary">
<doc>Opens a new browser instance to the optional ``url``.</doc>
<arguments>
<arg>about:blank</arg>
<arg>firefox</arg>
</arguments>
<msg timestamp="20200719 18:26:09.451" level="INFO">Opening browser 'firefox' to base url 'about:blank'.</msg>
<msg timestamp="20200719 18:26:09.451" level="INFO">Firefox driver log is always forced to to: C:\RobotWeek\ninjachef\results\geckodriver-6.log</msg>
<status status="PASS" starttime="20200719 18:26:09.451" endtime="20200719 18:26:16.809"></status>
</kw>
<status status="PASS" starttime="20200719 18:26:09.450" endtime="20200719 18:26:16.810"></status>
</kw>
<kw name="Go To" library="SeleniumLibrary">
<doc>Navigates the current browser window to the provided ``url``.</doc>
<arguments>
<arg>http://ninjachef-qaninja-io.umbler.net/</arg>
</arguments>
<msg timestamp="20200719 18:26:16.810" level="INFO">Opening url 'http://ninjachef-qaninja-io.umbler.net/'</msg>
<status status="PASS" starttime="20200719 18:26:16.810" endtime="20200719 18:26:18.844"></status>
</kw>
<kw name="Input Text" library="SeleniumLibrary">
<doc>Types the given ``text`` into the text field identified by ``locator``.</doc>
<arguments>
<arg>id:email</arg>
<arg>${email}</arg>
</arguments>
<msg timestamp="20200719 18:26:18.845" level="INFO">Typing text 'gabiru@gmail.com' into text field 'id:email'.</msg>
<status status="PASS" starttime="20200719 18:26:18.844" endtime="20200719 18:26:18.941"></status>
</kw>
<kw name="Click Button" library="SeleniumLibrary">
<doc>Clicks the button identified by ``locator``.</doc>
<arguments>
<arg>css:button[type=submit]</arg>
</arguments>
<msg timestamp="20200719 18:26:18.942" level="INFO">Clicking button 'css:button[type=submit]'.</msg>
<status status="PASS" starttime="20200719 18:26:18.941" endtime="20200719 18:26:19.180"></status>
</kw>
<kw name="Wait Until Page Contains Element" library="SeleniumLibrary">
<doc>Waits until the element ``locator`` appears on the current page.</doc>
<arguments>
<arg>class:dashboard</arg>
</arguments>
<status status="PASS" starttime="20200719 18:26:19.180" endtime="20200719 18:26:19.610"></status>
</kw>
<status status="PASS" starttime="20200719 18:26:09.450" endtime="20200719 18:26:19.611"></status>
</kw>
<kw name="Dado que &quot;${strogonoff}&quot; é um novo prato" library="keywords">
<kw name="Set Test Variable" library="BuiltIn">
<doc>Makes a variable available everywhere within the scope of the current test.</doc>
<arguments>
<arg>${produto}</arg>
</arguments>
<msg timestamp="20200719 18:26:19.618" level="INFO">${produto} = {'img': 'strogonoff.jpg', 'nome': 'Strogonoff com patata palha', 'tipo': 'Carnes e molhos', 'preco': '25.00'}</msg>
<status status="PASS" starttime="20200719 18:26:19.615" endtime="20200719 18:26:19.618"></status>
</kw>
<status status="PASS" starttime="20200719 18:26:19.613" endtime="20200719 18:26:19.618"></status>
</kw>
<kw name="Quando faço o cadastro desse prato" library="keywords">
<kw name="Wait Until Element Is Visible" library="SeleniumLibrary">
<doc>Waits until the element ``locator`` is visible.</doc>
<arguments>
<arg>class:btn-add</arg>
<arg>10</arg>
</arguments>
<status status="PASS" starttime="20200719 18:26:19.621" endtime="20200719 18:26:19.866"></status>
</kw>
<kw name="Click Element" library="SeleniumLibrary">
<doc>Click the element identified by ``locator``.</doc>
<arguments>
<arg>class:btn-add</arg>
</arguments>
<msg timestamp="20200719 18:26:19.867" level="INFO">Clicking element 'class:btn-add'.</msg>
<status status="PASS" starttime="20200719 18:26:19.867" endtime="20200719 18:26:20.097"></status>
</kw>
<kw name="Choose File" library="SeleniumLibrary">
<doc>Inputs the ``file_path`` into the file input field ``locator``.</doc>
<arguments>
<arg>css:input[id=thumbnail]</arg>
<arg>${EXECDIR}\\resources\\images\\${produto['img']}</arg>
</arguments>
<msg timestamp="20200719 18:26:20.098" level="INFO">Sending C:\RobotWeek\ninjachef\resources\images\strogonoff.jpg to browser.</msg>
<status status="PASS" starttime="20200719 18:26:20.098" endtime="20200719 18:26:20.124"></status>
</kw>
<kw name="Input Text" library="SeleniumLibrary">
<doc>Types the given ``text`` into the text field identified by ``locator``.</doc>
<arguments>
<arg>id:name</arg>
<arg>${produto['nome']}</arg>
</arguments>
<msg timestamp="20200719 18:26:20.125" level="INFO">Typing text 'Strogonoff com patata palha' into text field 'id:name'.</msg>
<status status="PASS" starttime="20200719 18:26:20.125" endtime="20200719 18:26:20.179"></status>
</kw>
<kw name="Input Text" library="SeleniumLibrary">
<doc>Types the given ``text`` into the text field identified by ``locator``.</doc>
<arguments>
<arg>id:plate</arg>
<arg>${produto['tipo']}</arg>
</arguments>
<msg timestamp="20200719 18:26:20.180" level="INFO">Typing text 'Carnes e molhos' into text field 'id:plate'.</msg>
<status status="PASS" starttime="20200719 18:26:20.179" endtime="20200719 18:26:20.208"></status>
</kw>
<kw name="Input Text" library="SeleniumLibrary">
<doc>Types the given ``text`` into the text field identified by ``locator``.</doc>
<arguments>
<arg>id:price</arg>
<arg>${produto['preco']}</arg>
</arguments>
<msg timestamp="20200719 18:26:20.208" level="INFO">Typing text '25.00' into text field 'id:price'.</msg>
<status status="PASS" starttime="20200719 18:26:20.208" endtime="20200719 18:26:20.230"></status>
</kw>
<kw name="Sleep" library="BuiltIn">
<doc>Pauses the test executed for the given time.</doc>
<arguments>
<arg>5</arg>
</arguments>
<msg timestamp="20200719 18:26:25.236" level="INFO">Slept 5 seconds</msg>
<status status="PASS" starttime="20200719 18:26:20.230" endtime="20200719 18:26:25.236"></status>
</kw>
<kw name="Click Button" library="SeleniumLibrary">
<doc>Clicks the button identified by ``locator``.</doc>
<arguments>
<arg>id:novoPrato</arg>
</arguments>
<msg timestamp="20200719 18:26:25.236" level="INFO">Clicking button 'id:novoPrato'.</msg>
<status status="PASS" starttime="20200719 18:26:25.236" endtime="20200719 18:26:25.528"></status>
</kw>
<status status="PASS" starttime="20200719 18:26:19.619" endtime="20200719 18:26:25.529"></status>
</kw>
<kw name="Então devo vizualizar este prato no meu dashboard" library="keywords">
<kw name="Wait Until Element Contains" library="SeleniumLibrary">
<doc>Waits until the element ``locator`` contains ``text``.</doc>
<arguments>
<arg>class:product-list</arg>
<arg>${produto['nome']}</arg>
</arguments>
<status status="PASS" starttime="20200719 18:26:25.529" endtime="20200719 18:26:26.450"></status>
</kw>
<status status="PASS" starttime="20200719 18:26:25.529" endtime="20200719 18:26:26.451"></status>
</kw>
<kw name="Close Session" library="base" type="teardown">
<kw name="Close Browser" library="SeleniumLibrary">
<doc>Closes the current browser.</doc>
<status status="PASS" starttime="20200719 18:26:26.453" endtime="20200719 18:26:29.257"></status>
</kw>
<status status="PASS" starttime="20200719 18:26:26.452" endtime="20200719 18:26:29.257"></status>
</kw>
<status status="PASS" starttime="20200719 18:26:09.448" endtime="20200719 18:26:29.257" critical="yes"></status>
</test>
<doc>Suite de teste para cadastrar produtos/pratos
Sendo um cozinheiro amador
Quero cadastrar meus melhores pratos
Para que eu possa cozinha-los para outras pessoas</doc>
<status status="PASS" starttime="20200719 18:26:09.194" endtime="20200719 18:26:29.259"></status>
</suite>
<statistics>
<total>
<stat pass="1" fail="0">Critical Tests</stat>
<stat pass="1" fail="0">All Tests</stat>
</total>
<tag>
</tag>
<suite>
<stat pass="1" fail="0" id="s1" name="Produtos">Produtos</stat>
</suite>
</statistics>
<errors>
</errors>
</robot>
