<?xml version="1.0" encoding="UTF-8"?>
<robot generator="Robot 3.2.1 (Python 3.8.3 on win32)" generated="20200719 16:16:03.553" rpa="false">
<suite id="s1" name="Cadastro" source="C:\RobotWeek\ninjachef\Tests\cadastro.robot">
<test id="s1-t1" name="Cadastro Simples">
<kw name="Open Session" library="base" type="setup">
<kw name="Open Browser" library="SeleniumLibrary">
<doc>Opens a new browser instance to the optional ``url``.</doc>
<arguments>
<arg>about:blank</arg>
<arg>firefox</arg>
</arguments>
<msg timestamp="20200719 16:16:03.881" level="INFO">Opening browser 'firefox' to base url 'about:blank'.</msg>
<msg timestamp="20200719 16:16:03.883" level="INFO">Firefox driver log is always forced to to: C:\RobotWeek\ninjachef\results\geckodriver-1.log</msg>
<status status="PASS" starttime="20200719 16:16:03.881" endtime="20200719 16:16:15.608"></status>
</kw>
<status status="PASS" starttime="20200719 16:16:03.881" endtime="20200719 16:16:15.609"></status>
</kw>
<kw name="Dado que eu acesso a página principal" library="keywords">
<kw name="Go To" library="SeleniumLibrary">
<doc>Navigates the current browser window to the provided ``url``.</doc>
<arguments>
<arg>http://ninjachef-qaninja-io.umbler.net/</arg>
</arguments>
<msg timestamp="20200719 16:16:15.615" level="INFO">Opening url 'http://ninjachef-qaninja-io.umbler.net/'</msg>
<status status="PASS" starttime="20200719 16:16:15.613" endtime="20200719 16:16:18.107"></status>
</kw>
<status status="PASS" starttime="20200719 16:16:15.611" endtime="20200719 16:16:18.108"></status>
</kw>
<kw name="Quando submeto meu email &quot;gabiru@gmail.com&quot;" library="keywords">
<kw name="Input Text" library="SeleniumLibrary">
<doc>Types the given ``text`` into the text field identified by ``locator``.</doc>
<arguments>
<arg>id:email</arg>
<arg>${email}</arg>
</arguments>
<msg timestamp="20200719 16:16:18.113" level="INFO">Typing text 'gabiru@gmail.com' into text field 'id:email'.</msg>
<status status="PASS" starttime="20200719 16:16:18.113" endtime="20200719 16:16:18.481"></status>
</kw>
<kw name="Click Button" library="SeleniumLibrary">
<doc>Clicks the button identified by ``locator``.</doc>
<arguments>
<arg>css:button[type=submit]</arg>
</arguments>
<msg timestamp="20200719 16:16:18.483" level="INFO">Clicking button 'css:button[type=submit]'.</msg>
<status status="PASS" starttime="20200719 16:16:18.482" endtime="20200719 16:16:18.730"></status>
</kw>
<status status="PASS" starttime="20200719 16:16:18.111" endtime="20200719 16:16:18.731"></status>
</kw>
<kw name="Então devo ser logado com sucesso" library="keywords">
<kw name="Wait Until Page Contains Element" library="SeleniumLibrary">
<doc>Waits until the element ``locator`` appears on the current page.</doc>
<arguments>
<arg>class:dashboard</arg>
</arguments>
<status status="PASS" starttime="20200719 16:16:18.734" endtime="20200719 16:16:18.962"></status>
</kw>
<status status="PASS" starttime="20200719 16:16:18.733" endtime="20200719 16:16:18.963"></status>
</kw>
<kw name="Close Session" library="base" type="teardown">
<kw name="Close Browser" library="SeleniumLibrary">
<doc>Closes the current browser.</doc>
<status status="PASS" starttime="20200719 16:16:18.967" endtime="20200719 16:16:23.702"></status>
</kw>
<status status="PASS" starttime="20200719 16:16:18.965" endtime="20200719 16:16:23.702"></status>
</kw>
<status status="PASS" starttime="20200719 16:16:03.880" endtime="20200719 16:16:23.702" critical="yes"></status>
</test>
<test id="s1-t2" name="Digitar Email incorreto">
<kw name="Open Session" library="base" type="setup">
<kw name="Open Browser" library="SeleniumLibrary">
<doc>Opens a new browser instance to the optional ``url``.</doc>
<arguments>
<arg>about:blank</arg>
<arg>firefox</arg>
</arguments>
<msg timestamp="20200719 16:16:23.705" level="INFO">Opening browser 'firefox' to base url 'about:blank'.</msg>
<msg timestamp="20200719 16:16:23.706" level="INFO">Firefox driver log is always forced to to: C:\RobotWeek\ninjachef\results\geckodriver-2.log</msg>
<status status="PASS" starttime="20200719 16:16:23.705" endtime="20200719 16:16:31.810"></status>
</kw>
<status status="PASS" starttime="20200719 16:16:23.705" endtime="20200719 16:16:31.810"></status>
</kw>
<kw name="Dado que eu acesso a página principal" library="keywords">
<kw name="Go To" library="SeleniumLibrary">
<doc>Navigates the current browser window to the provided ``url``.</doc>
<arguments>
<arg>http://ninjachef-qaninja-io.umbler.net/</arg>
</arguments>
<msg timestamp="20200719 16:16:31.812" level="INFO">Opening url 'http://ninjachef-qaninja-io.umbler.net/'</msg>
<status status="PASS" starttime="20200719 16:16:31.812" endtime="20200719 16:16:33.863"></status>
</kw>
<status status="PASS" starttime="20200719 16:16:31.811" endtime="20200719 16:16:33.865"></status>
</kw>
<kw name="Quando submeto meu email &quot;gabriel123$hot.com&quot;" library="keywords">
<kw name="Input Text" library="SeleniumLibrary">
<doc>Types the given ``text`` into the text field identified by ``locator``.</doc>
<arguments>
<arg>id:email</arg>
<arg>${email}</arg>
</arguments>
<msg timestamp="20200719 16:16:33.872" level="INFO">Typing text 'gabriel123$hot.com' into text field 'id:email'.</msg>
<status status="PASS" starttime="20200719 16:16:33.869" endtime="20200719 16:16:34.112"></status>
</kw>
<kw name="Click Button" library="SeleniumLibrary">
<doc>Clicks the button identified by ``locator``.</doc>
<arguments>
<arg>css:button[type=submit]</arg>
</arguments>
<msg timestamp="20200719 16:16:34.114" level="INFO">Clicking button 'css:button[type=submit]'.</msg>
<status status="PASS" starttime="20200719 16:16:34.113" endtime="20200719 16:16:34.376"></status>
</kw>
<status status="PASS" starttime="20200719 16:16:33.868" endtime="20200719 16:16:34.376"></status>
</kw>
<kw name="Então devo ver a mensagem &quot;Oops. Informe um email válido!&quot;" library="keywords">
<kw name="Wait Until Element Contains" library="SeleniumLibrary">
<doc>Waits until the element ``locator`` contains ``text``.</doc>
<arguments>
<arg>class:alert</arg>
<arg>${mensagem_alerta}</arg>
</arguments>
<status status="PASS" starttime="20200719 16:16:34.379" endtime="20200719 16:16:34.430"></status>
</kw>
<status status="PASS" starttime="20200719 16:16:34.379" endtime="20200719 16:16:34.430"></status>
</kw>
<kw name="Close Session" library="base" type="teardown">
<kw name="Close Browser" library="SeleniumLibrary">
<doc>Closes the current browser.</doc>
<status status="PASS" starttime="20200719 16:16:34.430" endtime="20200719 16:16:38.061"></status>
</kw>
<status status="PASS" starttime="20200719 16:16:34.430" endtime="20200719 16:16:38.061"></status>
</kw>
<status status="PASS" starttime="20200719 16:16:23.704" endtime="20200719 16:16:38.062" critical="yes"></status>
</test>
<test id="s1-t3" name="Campo Email não informado">
<kw name="Open Session" library="base" type="setup">
<kw name="Open Browser" library="SeleniumLibrary">
<doc>Opens a new browser instance to the optional ``url``.</doc>
<arguments>
<arg>about:blank</arg>
<arg>firefox</arg>
</arguments>
<msg timestamp="20200719 16:16:38.064" level="INFO">Opening browser 'firefox' to base url 'about:blank'.</msg>
<msg timestamp="20200719 16:16:38.065" level="INFO">Firefox driver log is always forced to to: C:\RobotWeek\ninjachef\results\geckodriver-3.log</msg>
<status status="PASS" starttime="20200719 16:16:38.064" endtime="20200719 16:16:45.345"></status>
</kw>
<status status="PASS" starttime="20200719 16:16:38.064" endtime="20200719 16:16:45.345"></status>
</kw>
<kw name="Dado que eu acesso a página principal" library="keywords">
<kw name="Go To" library="SeleniumLibrary">
<doc>Navigates the current browser window to the provided ``url``.</doc>
<arguments>
<arg>http://ninjachef-qaninja-io.umbler.net/</arg>
</arguments>
<msg timestamp="20200719 16:16:45.347" level="INFO">Opening url 'http://ninjachef-qaninja-io.umbler.net/'</msg>
<status status="PASS" starttime="20200719 16:16:45.347" endtime="20200719 16:16:47.424"></status>
</kw>
<status status="PASS" starttime="20200719 16:16:45.346" endtime="20200719 16:16:47.425"></status>
</kw>
<kw name="Quando submeto meu email &quot;${EMPTY}&quot;" library="keywords">
<kw name="Input Text" library="SeleniumLibrary">
<doc>Types the given ``text`` into the text field identified by ``locator``.</doc>
<arguments>
<arg>id:email</arg>
<arg>${email}</arg>
</arguments>
<msg timestamp="20200719 16:16:47.431" level="INFO">Typing text '' into text field 'id:email'.</msg>
<status status="PASS" starttime="20200719 16:16:47.430" endtime="20200719 16:16:47.519"></status>
</kw>
<kw name="Click Button" library="SeleniumLibrary">
<doc>Clicks the button identified by ``locator``.</doc>
<arguments>
<arg>css:button[type=submit]</arg>
</arguments>
<msg timestamp="20200719 16:16:47.521" level="INFO">Clicking button 'css:button[type=submit]'.</msg>
<status status="PASS" starttime="20200719 16:16:47.520" endtime="20200719 16:16:47.830"></status>
</kw>
<status status="PASS" starttime="20200719 16:16:47.428" endtime="20200719 16:16:47.830"></status>
</kw>
<kw name="Então devo ver a mensagem &quot;Oops. Informe um email válido!&quot;" library="keywords">
<kw name="Wait Until Element Contains" library="SeleniumLibrary">
<doc>Waits until the element ``locator`` contains ``text``.</doc>
<arguments>
<arg>class:alert</arg>
<arg>${mensagem_alerta}</arg>
</arguments>
<status status="PASS" starttime="20200719 16:16:47.834" endtime="20200719 16:16:47.884"></status>
</kw>
<status status="PASS" starttime="20200719 16:16:47.832" endtime="20200719 16:16:47.885"></status>
</kw>
<kw name="Close Session" library="base" type="teardown">
<kw name="Close Browser" library="SeleniumLibrary">
<doc>Closes the current browser.</doc>
<status status="PASS" starttime="20200719 16:16:47.887" endtime="20200719 16:16:51.214"></status>
</kw>
<status status="PASS" starttime="20200719 16:16:47.887" endtime="20200719 16:16:51.214"></status>
</kw>
<status status="PASS" starttime="20200719 16:16:38.063" endtime="20200719 16:16:51.215" critical="yes"></status>
</test>
<doc>Suite dos testes de cadastro de usuários da aplicação NinjaChef</doc>
<status status="PASS" starttime="20200719 16:16:03.555" endtime="20200719 16:16:51.224"></status>
</suite>
<statistics>
<total>
<stat pass="3" fail="0">Critical Tests</stat>
<stat pass="3" fail="0">All Tests</stat>
</total>
<tag>
</tag>
<suite>
<stat pass="3" fail="0" id="s1" name="Cadastro">Cadastro</stat>
</suite>
</statistics>
<errors>
</errors>
</robot>
