<?xml version="1.0" encoding="UTF-8"?>
<robot generator="Robot 3.2.1 (Python 3.8.3 on win32)" generated="20200719 13:33:20.227" rpa="false">
<suite id="s1" name="Cadastro" source="C:\RobotWeek\ninjachef\cadastro.robot">
<test id="s1-t1" name="Cadastro Simples">
<kw name="Open Session" type="setup">
<kw name="Open Browser" library="SeleniumLibrary">
<doc>Opens a new browser instance to the optional ``url``.</doc>
<arguments>
<arg>about:blank</arg>
<arg>firefox</arg>
</arguments>
<msg timestamp="20200719 13:33:20.465" level="INFO">Opening browser 'firefox' to base url 'about:blank'.</msg>
<msg timestamp="20200719 13:33:20.465" level="INFO">Firefox driver log is always forced to to: C:\RobotWeek\ninjachef\geckodriver-1.log</msg>
<status status="PASS" starttime="20200719 13:33:20.464" endtime="20200719 13:33:28.864"></status>
</kw>
<status status="PASS" starttime="20200719 13:33:20.464" endtime="20200719 13:33:28.864"></status>
</kw>
<kw name="Dado que eu acesso a página principal">
<kw name="Go To" library="SeleniumLibrary">
<doc>Navigates the current browser window to the provided ``url``.</doc>
<arguments>
<arg>http://ninjachef-qaninja-io.umbler.net/</arg>
</arguments>
<msg timestamp="20200719 13:33:28.865" level="INFO">Opening url 'http://ninjachef-qaninja-io.umbler.net/'</msg>
<status status="PASS" starttime="20200719 13:33:28.865" endtime="20200719 13:33:31.021"></status>
</kw>
<status status="PASS" starttime="20200719 13:33:28.865" endtime="20200719 13:33:31.021"></status>
</kw>
<kw name="Quando submeto meu email &quot;gabiru@gmail.com&quot;">
<kw name="Input Text" library="SeleniumLibrary">
<doc>Types the given ``text`` into the text field identified by ``locator``.</doc>
<arguments>
<arg>id:email</arg>
<arg>${email}</arg>
</arguments>
<msg timestamp="20200719 13:33:31.022" level="INFO">Typing text 'gabiru@gmail.com' into text field 'id:email'.</msg>
<status status="PASS" starttime="20200719 13:33:31.022" endtime="20200719 13:33:31.105"></status>
</kw>
<kw name="Click Button" library="SeleniumLibrary">
<doc>Clicks the button identified by ``locator``.</doc>
<arguments>
<arg>css:button[type=submit]</arg>
</arguments>
<msg timestamp="20200719 13:33:31.106" level="INFO">Clicking button 'css:button[type=submit]'.</msg>
<status status="PASS" starttime="20200719 13:33:31.105" endtime="20200719 13:33:31.344"></status>
</kw>
<status status="PASS" starttime="20200719 13:33:31.022" endtime="20200719 13:33:31.345"></status>
</kw>
<kw name="Então devo ser logado com sucesso">
<kw name="Wait Until Page Contains Element" library="SeleniumLibrary">
<doc>Waits until the element ``locator`` appears on the current page.</doc>
<arguments>
<arg>class:dashboard</arg>
</arguments>
<status status="PASS" starttime="20200719 13:33:31.349" endtime="20200719 13:33:32.391"></status>
</kw>
<status status="PASS" starttime="20200719 13:33:31.347" endtime="20200719 13:33:32.391"></status>
</kw>
<kw name="Close Session" type="teardown">
<kw name="Close Browser" library="SeleniumLibrary">
<doc>Closes the current browser.</doc>
<status status="PASS" starttime="20200719 13:33:32.393" endtime="20200719 13:33:35.370"></status>
</kw>
<status status="PASS" starttime="20200719 13:33:32.393" endtime="20200719 13:33:35.370"></status>
</kw>
<status status="PASS" starttime="20200719 13:33:20.463" endtime="20200719 13:33:35.370" critical="yes"></status>
</test>
<doc>Suite dos testes de cadastro de usuários</doc>
<status status="PASS" starttime="20200719 13:33:20.228" endtime="20200719 13:33:35.371"></status>
</suite>
<statistics>
<total>
<stat pass="1" fail="0">Critical Tests</stat>
<stat pass="1" fail="0">All Tests</stat>
</total>
<tag>
</tag>
<suite>
<stat pass="1" fail="0" id="s1" name="Cadastro">Cadastro</stat>
</suite>
</statistics>
<errors>
</errors>
</robot>
