<?xml version="1.0" encoding="UTF-8"?>
<robot generator="Robot 3.2.1 (Python 3.8.3 on win32)" generated="20200722 14:56:58.293" rpa="false">
<suite id="s1" name="Receber-Pedidos" source="c:\RobotWeek\ninjachef\Web\Tests\receber-pedidos.robot">
<test id="s1-t1" name="Receber novos Pedidos">
<kw name="Open Session" library="base" type="setup">
<kw name="Open Browser" library="SeleniumLibrary">
<doc>Opens a new browser instance to the optional ``url``.</doc>
<arguments>
<arg>about:blank</arg>
<arg>firefox</arg>
</arguments>
<msg timestamp="20200722 14:56:58.817" level="INFO">Opening browser 'firefox' to base url 'about:blank'.</msg>
<msg timestamp="20200722 14:56:58.819" level="INFO">Firefox driver log is always forced to to: c:\RobotWeek\ninjachef\Web\results\geckodriver-1.log</msg>
<status status="PASS" starttime="20200722 14:56:58.817" endtime="20200722 14:57:07.623"></status>
</kw>
<status status="PASS" starttime="20200722 14:56:58.816" endtime="20200722 14:57:07.623"></status>
</kw>
<kw name="Dado que &quot;tomper@eu.com&quot; é minha conta de cozinheiro">
<kw name="Set Test Variable" library="BuiltIn">
<doc>Makes a variable available everywhere within the scope of the current test.</doc>
<arguments>
<arg>${email_cozinheiro}</arg>
</arguments>
<msg timestamp="20200722 14:57:07.625" level="INFO">${email_cozinheiro} = tomper@eu.com</msg>
<status status="PASS" starttime="20200722 14:57:07.625" endtime="20200722 14:57:07.625"></status>
</kw>
<kw name="Create Dictionary" library="BuiltIn">
<doc>Creates and returns a dictionary based on the given ``items``.</doc>
<arguments>
<arg>email=${email_cozinheiro}</arg>
</arguments>
<assign>
<var>&amp;{info_body}</var>
</assign>
<msg timestamp="20200722 14:57:07.625" level="INFO">&amp;{info_body} = { email=tomper@eu.com }</msg>
<status status="PASS" starttime="20200722 14:57:07.625" endtime="20200722 14:57:07.625"></status>
</kw>
<kw name="Create Dictionary" library="BuiltIn">
<doc>Creates and returns a dictionary based on the given ``items``.</doc>
<arguments>
<arg>Content-Type=application/json</arg>
</arguments>
<assign>
<var>&amp;{headers}</var>
</assign>
<msg timestamp="20200722 14:57:07.629" level="INFO">&amp;{headers} = { Content-Type=application/json }</msg>
<status status="PASS" starttime="20200722 14:57:07.625" endtime="20200722 14:57:07.629"></status>
</kw>
<kw name="Create Session" library="RequestsLibrary">
<doc>Create Session: create a HTTP session to a server</doc>
<arguments>
<arg>ninja</arg>
<arg>http://ninjachef-api-qaninja-io.umbler.net</arg>
</arguments>
<msg timestamp="20200722 14:57:07.630" level="INFO">Creating Session using : alias=ninja, url=http://ninjachef-api-qaninja-io.umbler.net, headers={},                     cookies={}, auth=None, timeout=None, proxies=None, verify=False,                     debug=0 </msg>
<status status="PASS" starttime="20200722 14:57:07.629" endtime="20200722 14:57:07.631"></status>
</kw>
<kw name="Post Request" library="RequestsLibrary">
<doc>Send a POST request on the session object found using the
given `alias`</doc>
<arguments>
<arg>ninja</arg>
<arg>/sessions</arg>
<arg>data=${info_body}</arg>
<arg>headers=${headers}</arg>
</arguments>
<assign>
<var>${resp}</var>
</assign>
<msg timestamp="20200722 14:57:07.920" level="INFO">POST Request : url=http://ninjachef-api-qaninja-io.umbler.net/sessions 
 path_url=/sessions 
 headers={'User-Agent': 'python-requests/2.24.0', 'Accept-Encoding': 'gzip, deflate', 'Accept': '*/*', 'Connection': 'keep-alive', 'Content-Type': 'application/json', 'Content-Length': '26'} 
 body={"email": "tomper@eu.com"} 
 </msg>
<msg timestamp="20200722 14:57:07.920" level="INFO">POST Response : url=http://ninjachef-api-qaninja-io.umbler.net/sessions 
 status=200, reason=OK 
 body={"_id":"5f1859a442f1f60016038934","email":"tomper@eu.com","__v":0} 
 </msg>
<msg timestamp="20200722 14:57:07.920" level="INFO">${resp} = &lt;Response [200]&gt;</msg>
<status status="PASS" starttime="20200722 14:57:07.631" endtime="20200722 14:57:07.920"></status>
</kw>
<kw name="Status Should Be" library="RequestsLibrary">
<doc>Fails if response status code is different than the expected.</doc>
<arguments>
<arg>200</arg>
<arg>${resp}</arg>
</arguments>
<status status="PASS" starttime="20200722 14:57:07.921" endtime="20200722 14:57:07.921"></status>
</kw>
<kw name="Log To Console" library="BuiltIn">
<doc>Logs the given message to the console.</doc>
<arguments>
<arg>${resp.json()['_id']}</arg>
</arguments>
<status status="PASS" starttime="20200722 14:57:07.921" endtime="20200722 14:57:07.923"></status>
</kw>
<status status="PASS" starttime="20200722 14:57:07.624" endtime="20200722 14:57:07.924"></status>
</kw>
<kw name="E &quot;qagabiru@rio.com&quot; é meu email do meu cliente">
<kw name="Set Test Variable" library="BuiltIn">
<doc>Makes a variable available everywhere within the scope of the current test.</doc>
<arguments>
<arg>${email_cliente}</arg>
</arguments>
<msg timestamp="20200722 14:57:07.926" level="INFO">${email_cliente} = qagabiru@rio.com</msg>
<status status="PASS" starttime="20200722 14:57:07.925" endtime="20200722 14:57:07.926"></status>
</kw>
<status status="PASS" starttime="20200722 14:57:07.924" endtime="20200722 14:57:07.926"></status>
</kw>
<kw name="E que &quot;Sanduiche de pernil com pimentões e especiarias&quot; está cadastrado no meu dashboard">
<kw name="Set Test Variable" library="BuiltIn">
<doc>Makes a variable available everywhere within the scope of the current test.</doc>
<arguments>
<arg>${produto}</arg>
</arguments>
<msg timestamp="20200722 14:57:07.930" level="INFO">${produto} = Sanduiche de pernil com pimentões e especiarias</msg>
<status status="PASS" starttime="20200722 14:57:07.929" endtime="20200722 14:57:07.930"></status>
</kw>
<status status="PASS" starttime="20200722 14:57:07.928" endtime="20200722 14:57:07.930"></status>
</kw>
<kw name="Dado que tenho pratos cadastrados">
<msg timestamp="20200722 14:57:07.932" level="FAIL">No keyword with name 'Dado que tenho pratos cadastrados' found.</msg>
<status status="FAIL" starttime="20200722 14:57:07.932" endtime="20200722 14:57:07.932"></status>
</kw>
<kw name="Close Session" library="base" type="teardown">
<kw name="Capture Page Screenshot" library="SeleniumLibrary">
<doc>Takes a screenshot of the current page and embeds it into a log file.</doc>
<msg timestamp="20200722 14:57:08.044" level="INFO" html="yes">&lt;/td&gt;&lt;/tr&gt;&lt;tr&gt;&lt;td colspan="3"&gt;&lt;a href="selenium-screenshot-1.png"&gt;&lt;img src="selenium-screenshot-1.png" width="800px"&gt;&lt;/a&gt;</msg>
<status status="PASS" starttime="20200722 14:57:07.946" endtime="20200722 14:57:08.044"></status>
</kw>
<kw name="Close Browser" library="SeleniumLibrary">
<doc>Closes the current browser.</doc>
<status status="PASS" starttime="20200722 14:57:08.044" endtime="20200722 14:57:10.626"></status>
</kw>
<status status="PASS" starttime="20200722 14:57:07.944" endtime="20200722 14:57:10.626"></status>
</kw>
<status status="FAIL" starttime="20200722 14:56:58.815" endtime="20200722 14:57:10.626" critical="yes">No keyword with name 'Dado que tenho pratos cadastrados' found.</status>
</test>
<doc>Suite dos testes de pedidos recebidos sendo eu um cozinheiro
Assim que o usuário enviar sua solicitação de preparo de um prato
E dessa forma eu possa aceitar e enviar seu pedido.</doc>
<status status="FAIL" starttime="20200722 14:56:58.296" endtime="20200722 14:57:10.628"></status>
</suite>
<statistics>
<total>
<stat pass="0" fail="1">Critical Tests</stat>
<stat pass="0" fail="1">All Tests</stat>
</total>
<tag>
</tag>
<suite>
<stat pass="0" fail="1" id="s1" name="Receber-Pedidos">Receber-Pedidos</stat>
</suite>
</statistics>
<errors>
</errors>
</robot>
