<?xml version="1.0" encoding="UTF-8"?>
<robot generator="Robot 3.2.1 (Python 3.8.3 on win32)" generated="20200721 12:43:09.971" rpa="false">
<suite id="s1" name="Login" source="C:\RobotWeek\ninjachef\mobile\Tests\login.robot">
<test id="s1-t1" name="Buscar pratos">
<kw name="Open Session" library="base" type="setup">
<kw name="Open Application" library="AppiumLibrary">
<doc>Opens a new application to given Appium server.
Capabilities of appium server, Android and iOS,
Please check https://github.com/appium/appium/blob/master/docs/en/writing-running-appium/server-args.md
| *Option*            | *Man.* | *Description*     |
| remote_url          | Yes    | Appium server url |
| alias               | no     | alias             |</doc>
<arguments>
<arg>http://localhost:4723/wd/hub</arg>
<arg>automationName=UiAutomator2</arg>
<arg>platformName=Android</arg>
<arg>deviceName=Celular1</arg>
<arg>app=${EXECDIR}\\app\\ninjachef.apk</arg>
<arg>udid=emulator-5554</arg>
</arguments>
<status status="PASS" starttime="20200721 12:43:10.190" endtime="20200721 12:43:21.916"></status>
</kw>
<status status="PASS" starttime="20200721 12:43:10.190" endtime="20200721 12:43:21.916"></status>
</kw>
<kw name="Dado que desejo comer &quot;Sushi&quot;" library="keywords">
<kw name="Set Test Variable" library="BuiltIn">
<doc>Makes a variable available everywhere within the scope of the current test.</doc>
<arguments>
<arg>${prato}</arg>
</arguments>
<msg timestamp="20200721 12:43:21.918" level="INFO">${prato} = Sushi</msg>
<status status="PASS" starttime="20200721 12:43:21.918" endtime="20200721 12:43:21.918"></status>
</kw>
<status status="PASS" starttime="20200721 12:43:21.917" endtime="20200721 12:43:21.919"></status>
</kw>
<kw name="Quando submeto meu email &quot;gabiru@qa.com&quot;" library="keywords">
<kw name="Wait Until Page Contains" library="AppiumLibrary">
<doc>Waits until `text` appears on current page.</doc>
<arguments>
<arg>Buscar Prato</arg>
<arg>10</arg>
</arguments>
<status status="PASS" starttime="20200721 12:43:21.920" endtime="20200721 12:43:24.062"></status>
</kw>
<kw name="Input Text" library="AppiumLibrary">
<doc>Types the given `text` into text field identified by `locator`.</doc>
<arguments>
<arg>accessibility_id=emailInput</arg>
<arg>${email}</arg>
</arguments>
<msg timestamp="20200721 12:43:24.063" level="INFO">Typing text 'gabiru@qa.com' into text field 'accessibility_id=emailInput'</msg>
<status status="PASS" starttime="20200721 12:43:24.062" endtime="20200721 12:43:24.128"></status>
</kw>
<kw name="Input Text" library="AppiumLibrary">
<doc>Types the given `text` into text field identified by `locator`.</doc>
<arguments>
<arg>accessibility_id=plateInput</arg>
<arg>${prato}</arg>
</arguments>
<msg timestamp="20200721 12:43:24.129" level="INFO">Typing text 'Sushi' into text field 'accessibility_id=plateInput'</msg>
<status status="PASS" starttime="20200721 12:43:24.128" endtime="20200721 12:43:24.678"></status>
</kw>
<kw name="Click Text" library="AppiumLibrary">
<doc>Click text identified by ``text``.</doc>
<arguments>
<arg>Buscar Prato</arg>
</arguments>
<status status="PASS" starttime="20200721 12:43:24.678" endtime="20200721 12:43:25.319"></status>
</kw>
<status status="PASS" starttime="20200721 12:43:21.919" endtime="20200721 12:43:25.319"></status>
</kw>
<kw name="Então devo ver a lista de pratos por tipos" library="keywords">
<kw name="Wait Until Page Contains" library="AppiumLibrary">
<doc>Waits until `text` appears on current page.</doc>
<arguments>
<arg>Fome de ${prato}</arg>
</arguments>
<status status="PASS" starttime="20200721 12:43:25.321" endtime="20200721 12:43:28.403"></status>
</kw>
<status status="PASS" starttime="20200721 12:43:25.321" endtime="20200721 12:43:28.403"></status>
</kw>
<kw name="Close Session" library="base" type="teardown">
<kw name="Close Application" library="AppiumLibrary">
<doc>Closes the current application and also close webdriver session.</doc>
<status status="PASS" starttime="20200721 12:43:28.404" endtime="20200721 12:43:28.934"></status>
</kw>
<status status="PASS" starttime="20200721 12:43:28.404" endtime="20200721 12:43:28.934"></status>
</kw>
<status status="PASS" starttime="20200721 12:43:10.190" endtime="20200721 12:43:28.935" critical="yes"></status>
</test>
<doc>Testes de Login da aplicação mobile do NinjaChef</doc>
<status status="PASS" starttime="20200721 12:43:09.973" endtime="20200721 12:43:28.936"></status>
</suite>
<statistics>
<total>
<stat pass="1" fail="0">Critical Tests</stat>
<stat pass="1" fail="0">All Tests</stat>
</total>
<tag>
</tag>
<suite>
<stat pass="1" fail="0" id="s1" name="Login">Login</stat>
</suite>
</statistics>
<errors>
</errors>
</robot>
