<?xml version="1.0" encoding="UTF-8"?>
<robot generator="Robot 3.2.1 (Python 3.8.3 on win32)" generated="20200721 14:55:50.760" rpa="false">
<suite id="s1" name="Enviar Pedido" source="C:\RobotWeek\ninjachef\mobile\Tests\enviar_pedido.robot">
<test id="s1-t1" name="Efetuando Pedido">
<kw name="Login Session" library="base" type="setup">
<arguments>
<arg>gabiru@qa.com</arg>
<arg>Churrasco</arg>
</arguments>
<kw name="Open Session" library="base">
<kw name="Open Application" library="AppiumLibrary">
<doc>Opens a new application to given Appium server.
Capabilities of appium server, Android and iOS,
Please check https://github.com/appium/appium/blob/master/docs/en/writing-running-appium/server-args.md
| *Option*            | *Man.* | *Description*     |
| remote_url          | Yes    | Appium server url |
| alias               | no     | alias             |</doc>
<arguments>
<arg>http://localhost:4723/wd/hub</arg>
<arg>automationName=UiAutomator2</arg>
<arg>platformName=Android</arg>
<arg>deviceName=Celular1</arg>
<arg>app=${EXECDIR}\\app\\ninjachef.apk</arg>
<arg>udid=emulator-5554</arg>
</arguments>
<status status="PASS" starttime="20200721 14:55:51.000" endtime="20200721 14:56:03.117"></status>
</kw>
<status status="PASS" starttime="20200721 14:55:51.000" endtime="20200721 14:56:03.117"></status>
</kw>
<kw name="Wait Until Page Contains" library="AppiumLibrary">
<doc>Waits until `text` appears on current page.</doc>
<arguments>
<arg>Buscar Prato</arg>
<arg>10</arg>
</arguments>
<status status="PASS" starttime="20200721 14:56:03.118" endtime="20200721 14:56:05.305"></status>
</kw>
<kw name="Input Text" library="AppiumLibrary">
<doc>Types the given `text` into text field identified by `locator`.</doc>
<arguments>
<arg>accessibility_id=emailInput</arg>
<arg>${email}</arg>
</arguments>
<msg timestamp="20200721 14:56:05.306" level="INFO">Typing text 'gabiru@qa.com' into text field 'accessibility_id=emailInput'</msg>
<status status="PASS" starttime="20200721 14:56:05.305" endtime="20200721 14:56:05.355"></status>
</kw>
<kw name="Input Text" library="AppiumLibrary">
<doc>Types the given `text` into text field identified by `locator`.</doc>
<arguments>
<arg>accessibility_id=plateInput</arg>
<arg>${prato}</arg>
</arguments>
<msg timestamp="20200721 14:56:05.357" level="INFO">Typing text 'Churrasco' into text field 'accessibility_id=plateInput'</msg>
<status status="PASS" starttime="20200721 14:56:05.355" endtime="20200721 14:56:06.381"></status>
</kw>
<kw name="Capture Page Screenshot" library="AppiumLibrary">
<doc>Takes a screenshot of the current page and embeds it into the log.</doc>
<msg timestamp="20200721 14:56:06.647" level="INFO" html="yes">&lt;/td&gt;&lt;/tr&gt;&lt;tr&gt;&lt;td colspan="3"&gt;&lt;a href="appium-screenshot-1.png"&gt;&lt;img src="appium-screenshot-1.png" width="800px"&gt;&lt;/a&gt;</msg>
<status status="PASS" starttime="20200721 14:56:06.381" endtime="20200721 14:56:06.647"></status>
</kw>
<kw name="Click Text" library="AppiumLibrary">
<doc>Click text identified by ``text``.</doc>
<arguments>
<arg>Buscar Prato</arg>
</arguments>
<status status="PASS" starttime="20200721 14:56:06.647" endtime="20200721 14:56:07.010"></status>
</kw>
<status status="PASS" starttime="20200721 14:55:51.000" endtime="20200721 14:56:07.010"></status>
</kw>
<kw name="Dado que escolho meu prato &quot;Churrasco&quot;">
<kw name="Set Test Variable" library="BuiltIn">
<doc>Makes a variable available everywhere within the scope of the current test.</doc>
<arguments>
<arg>${prato}</arg>
</arguments>
<msg timestamp="20200721 14:56:07.012" level="INFO">${prato} = Churrasco</msg>
<status status="PASS" starttime="20200721 14:56:07.011" endtime="20200721 14:56:07.012"></status>
</kw>
<kw name="Wait Until Page Contains" library="AppiumLibrary">
<doc>Waits until `text` appears on current page.</doc>
<arguments>
<arg>Fome de ${prato}</arg>
<arg>5</arg>
</arguments>
<status status="PASS" starttime="20200721 14:56:07.012" endtime="20200721 14:56:08.351"></status>
</kw>
<kw name="Click Text" library="AppiumLibrary">
<doc>Click text identified by ``text``.</doc>
<arguments>
<arg>Quero</arg>
</arguments>
<status status="PASS" starttime="20200721 14:56:08.351" endtime="20200721 14:56:08.438"></status>
</kw>
<status status="PASS" starttime="20200721 14:56:07.011" endtime="20200721 14:56:08.438"></status>
</kw>
<kw name="Quando eu seleciono a opção de pagamento em &quot;dinheiro&quot;">
<kw name="Wait Until Element Is Visible" library="AppiumLibrary">
<doc>Waits until element specified with `locator` is visible.</doc>
<arguments>
<arg>accessibility_id=paymentInput</arg>
<arg>5</arg>
</arguments>
<status status="PASS" starttime="20200721 14:56:08.439" endtime="20200721 14:56:09.114"></status>
</kw>
<kw name="Input Text" library="AppiumLibrary">
<doc>Types the given `text` into text field identified by `locator`.</doc>
<arguments>
<arg>accessibility_id=paymentInput</arg>
<arg>${payments}</arg>
</arguments>
<msg timestamp="20200721 14:56:09.115" level="INFO">Typing text 'dinheiro' into text field 'accessibility_id=paymentInput'</msg>
<status status="PASS" starttime="20200721 14:56:09.114" endtime="20200721 14:56:09.655"></status>
</kw>
<kw name="Click Text" library="AppiumLibrary">
<doc>Click text identified by ``text``.</doc>
<arguments>
<arg>Confirmar pedido</arg>
</arguments>
<status status="PASS" starttime="20200721 14:56:09.655" endtime="20200721 14:56:10.222"></status>
</kw>
<status status="PASS" starttime="20200721 14:56:08.438" endtime="20200721 14:56:10.222"></status>
</kw>
<kw name="Então devo vizualizar a mensagem &quot;Pedido enviado para o Ninja Chef!&quot;">
<kw name="Wait Until Page Contains" library="AppiumLibrary">
<doc>Waits until `text` appears on current page.</doc>
<arguments>
<arg>${mensage_expect}</arg>
</arguments>
<status status="PASS" starttime="20200721 14:56:10.223" endtime="20200721 14:56:11.452"></status>
</kw>
<kw name="Click Button" library="AppiumLibrary">
<doc>Click button</doc>
<arguments>
<arg>id=android:id/button1</arg>
</arguments>
<kw name="Capture Page Screenshot" library="AppiumLibrary">
<doc>Takes a screenshot of the current page and embeds it into the log.</doc>
<msg timestamp="20200721 14:56:11.754" level="INFO" html="yes">&lt;/td&gt;&lt;/tr&gt;&lt;tr&gt;&lt;td colspan="3"&gt;&lt;a href="appium-screenshot-2.png"&gt;&lt;img src="appium-screenshot-2.png" width="800px"&gt;&lt;/a&gt;</msg>
<status status="PASS" starttime="20200721 14:56:11.453" endtime="20200721 14:56:11.754"></status>
</kw>
<msg timestamp="20200721 14:56:11.755" level="FAIL">AttributeError: 'dict' object has no attribute 'has_key'</msg>
<status status="FAIL" starttime="20200721 14:56:11.452" endtime="20200721 14:56:11.756"></status>
</kw>
<status status="FAIL" starttime="20200721 14:56:10.223" endtime="20200721 14:56:11.756"></status>
</kw>
<kw name="Close Session" library="base" type="teardown">
<kw name="Capture Page Screenshot" library="AppiumLibrary">
<doc>Takes a screenshot of the current page and embeds it into the log.</doc>
<msg timestamp="20200721 14:56:12.082" level="INFO" html="yes">&lt;/td&gt;&lt;/tr&gt;&lt;tr&gt;&lt;td colspan="3"&gt;&lt;a href="appium-screenshot-3.png"&gt;&lt;img src="appium-screenshot-3.png" width="800px"&gt;&lt;/a&gt;</msg>
<status status="PASS" starttime="20200721 14:56:11.757" endtime="20200721 14:56:12.082"></status>
</kw>
<kw name="Close Application" library="AppiumLibrary">
<doc>Closes the current application and also close webdriver session.</doc>
<status status="PASS" starttime="20200721 14:56:12.083" endtime="20200721 14:56:12.899"></status>
</kw>
<status status="PASS" starttime="20200721 14:56:11.757" endtime="20200721 14:56:12.899"></status>
</kw>
<status status="FAIL" starttime="20200721 14:55:50.999" endtime="20200721 14:56:12.899" critical="yes">AttributeError: 'dict' object has no attribute 'has_key'</status>
</test>
<doc>Suite de Teste para enviar prato escolhido</doc>
<status status="FAIL" starttime="20200721 14:55:50.761" endtime="20200721 14:56:12.901"></status>
</suite>
<statistics>
<total>
<stat pass="0" fail="1">Critical Tests</stat>
<stat pass="0" fail="1">All Tests</stat>
</total>
<tag>
</tag>
<suite>
<stat pass="0" fail="1" id="s1" name="Enviar Pedido">Enviar Pedido</stat>
</suite>
</statistics>
<errors>
</errors>
</robot>
